[28-Feb-2025 06:31:15] NOTICE: fpm is running, pid 1
[28-Feb-2025 06:31:15] NOTICE: ready to handle connections
[28-Feb-2025 06:31:15] NOTICE: systemd monitor interval set to 10000ms
[28-Feb-2025 07:02:22] NOTICE: Terminating ...
[28-Feb-2025 07:02:22] NOTICE: exiting, bye-bye!
[28-Feb-2025 07:14:00] NOTICE: fpm is running, pid 1
[28-Feb-2025 07:14:00] NOTICE: ready to handle connections
[28-Feb-2025 07:14:00] NOTICE: systemd monitor interval set to 10000ms
[28-Feb-2025 07:16:33] NOTICE: Terminating ...
[28-Feb-2025 07:16:33] NOTICE: exiting, bye-bye!
[28-Feb-2025 07:22:02] NOTICE: fpm is running, pid 1
[28-Feb-2025 07:22:02] NOTICE: ready to handle connections
[28-Feb-2025 07:22:02] NOTICE: systemd monitor interval set to 10000ms
[28-Feb-2025 08:17:41] NOTICE: Terminating ...
[28-Feb-2025 08:17:41] NOTICE: exiting, bye-bye!
[28-Feb-2025 08:21:48] NOTICE: fpm is running, pid 1
[28-Feb-2025 08:21:48] NOTICE: ready to handle connections
[28-Feb-2025 08:21:48] NOTICE: systemd monitor interval set to 10000ms
[28-Feb-2025 08:42:59] NOTICE: Terminating ...
[28-Feb-2025 08:42:59] NOTICE: exiting, bye-bye!
[28-Feb-2025 08:46:01] NOTICE: fpm is running, pid 1
[28-Feb-2025 08:46:01] NOTICE: ready to handle connections
[28-Feb-2025 08:46:01] NOTICE: systemd monitor interval set to 10000ms
[28-Feb-2025 09:00:50] NOTICE: Terminating ...
[28-Feb-2025 09:00:50] NOTICE: exiting, bye-bye!
[28-Feb-2025 09:07:49] NOTICE: fpm is running, pid 1
[28-Feb-2025 09:07:49] NOTICE: ready to handle connections
[28-Feb-2025 09:07:49] NOTICE: systemd monitor interval set to 10000ms
[28-Feb-2025 09:13:34] NOTICE: Terminating ...
[28-Feb-2025 09:13:34] NOTICE: exiting, bye-bye!
[28-Feb-2025 09:19:06] NOTICE: fpm is running, pid 1
[28-Feb-2025 09:19:06] NOTICE: ready to handle connections
[28-Feb-2025 09:19:06] NOTICE: systemd monitor interval set to 10000ms
[28-Feb-2025 09:21:04] NOTICE: Terminating ...
[28-Feb-2025 09:21:04] NOTICE: exiting, bye-bye!
[28-Feb-2025 09:23:40] NOTICE: fpm is running, pid 1
[28-Feb-2025 09:23:40] NOTICE: ready to handle connections
[28-Feb-2025 09:23:40] NOTICE: systemd monitor interval set to 10000ms
[28-Feb-2025 09:28:34] NOTICE: Terminating ...
[28-Feb-2025 09:28:34] NOTICE: exiting, bye-bye!
[28-Feb-2025 09:30:22] NOTICE: fpm is running, pid 1
[28-Feb-2025 09:30:22] NOTICE: ready to handle connections
[28-Feb-2025 09:30:22] NOTICE: systemd monitor interval set to 10000ms
[28-Feb-2025 11:52:51] NOTICE: fpm is running, pid 1
[28-Feb-2025 11:52:51] NOTICE: ready to handle connections
[28-Feb-2025 11:52:51] NOTICE: systemd monitor interval set to 10000ms
[28-Feb-2025 11:53:33] NOTICE: Terminating ...
[28-Feb-2025 11:53:33] NOTICE: exiting, bye-bye!
[28-Feb-2025 11:53:38] NOTICE: fpm is running, pid 1
[28-Feb-2025 11:53:38] NOTICE: ready to handle connections
[28-Feb-2025 11:53:38] NOTICE: systemd monitor interval set to 10000ms
[28-Feb-2025 11:55:27] NOTICE: Terminating ...
[28-Feb-2025 11:55:27] NOTICE: exiting, bye-bye!
[28-Feb-2025 11:55:40] NOTICE: fpm is running, pid 1
[28-Feb-2025 11:55:40] NOTICE: ready to handle connections
[28-Feb-2025 11:55:40] NOTICE: systemd monitor interval set to 10000ms
[28-Feb-2025 11:56:22] NOTICE: Terminating ...
[28-Feb-2025 11:56:22] NOTICE: exiting, bye-bye!
