2025/02/27 14:07:21 [emerg] 1#1: open() "/etc/nginx/nginx.conf" failed (2: No such file or directory)
2025/02/27 14:07:22 [emerg] 1#1: open() "/etc/nginx/nginx.conf" failed (2: No such file or directory)
2025/02/27 14:07:22 [emerg] 1#1: open() "/etc/nginx/nginx.conf" failed (2: No such file or directory)
2025/02/27 14:07:23 [emerg] 1#1: open() "/etc/nginx/nginx.conf" failed (2: No such file or directory)
2025/02/27 14:07:24 [emerg] 1#1: open() "/etc/nginx/nginx.conf" failed (2: No such file or directory)
2025/02/27 14:07:26 [emerg] 1#1: open() "/etc/nginx/nginx.conf" failed (2: No such file or directory)
2025/02/27 14:07:29 [emerg] 1#1: open() "/etc/nginx/nginx.conf" failed (2: No such file or directory)
2025/02/27 14:07:36 [emerg] 1#1: open() "/etc/nginx/nginx.conf" failed (2: No such file or directory)
2025/02/27 14:07:49 [emerg] 1#1: open() "/etc/nginx/nginx.conf" failed (2: No such file or directory)
2025/02/27 14:08:15 [emerg] 1#1: open() "/etc/nginx/nginx.conf" failed (2: No such file or directory)
2025/02/27 14:23:03 [notice] 1#1: using the "epoll" event method
2025/02/27 14:23:03 [notice] 1#1: nginx/1.25.3
2025/02/27 14:23:03 [notice] 1#1: built by gcc 12.2.0 (Debian 12.2.0-14) 
2025/02/27 14:23:03 [notice] 1#1: OS: Linux 6.8.0-52-generic
2025/02/27 14:23:03 [notice] 1#1: getrlimit(RLIMIT_NOFILE): 1048576:1048576
2025/02/27 14:23:03 [notice] 1#1: start worker processes
2025/02/27 14:23:03 [notice] 1#1: start worker process 21
2025/02/27 14:23:03 [notice] 1#1: start worker process 22
2025/02/27 14:23:03 [notice] 1#1: start worker process 23
2025/02/27 14:23:03 [notice] 1#1: start worker process 24
2025/02/27 14:23:03 [notice] 1#1: start worker process 25
2025/02/27 14:23:03 [notice] 1#1: start worker process 26
2025/02/27 14:23:03 [notice] 1#1: start worker process 27
2025/02/27 14:23:03 [notice] 1#1: start worker process 28
2025/02/27 14:23:03 [notice] 1#1: start worker process 29
2025/02/27 14:23:03 [notice] 1#1: start worker process 30
2025/02/27 14:23:03 [notice] 1#1: start worker process 31
2025/02/27 14:23:03 [notice] 1#1: start worker process 32
2025/02/27 14:23:14 [error] 23#23: *1 connect() failed (111: Connection refused) while connecting to upstream, client: 172.19.0.1, server: localhost, request: "GET / HTTP/1.1", upstream: "fastcgi://172.19.0.2:9000", host: "localhost:3781"
2025/02/27 14:27:25 [notice] 1#1: signal 3 (SIGQUIT) received, shutting down
2025/02/27 14:27:25 [notice] 21#21: gracefully shutting down
2025/02/27 14:27:25 [notice] 24#24: gracefully shutting down
2025/02/27 14:27:25 [notice] 23#23: gracefully shutting down
2025/02/27 14:27:25 [notice] 22#22: gracefully shutting down
2025/02/27 14:27:25 [notice] 25#25: gracefully shutting down
2025/02/27 14:27:25 [notice] 27#27: gracefully shutting down
2025/02/27 14:27:25 [notice] 21#21: exiting
2025/02/27 14:27:25 [notice] 28#28: gracefully shutting down
2025/02/27 14:27:25 [notice] 26#26: gracefully shutting down
2025/02/27 14:27:25 [notice] 24#24: exiting
2025/02/27 14:27:25 [notice] 30#30: gracefully shutting down
2025/02/27 14:27:25 [notice] 23#23: exiting
2025/02/27 14:27:25 [notice] 22#22: exiting
2025/02/27 14:27:25 [notice] 25#25: exiting
2025/02/27 14:27:25 [notice] 27#27: exiting
2025/02/27 14:27:25 [notice] 28#28: exiting
2025/02/27 14:27:25 [notice] 26#26: exiting
2025/02/27 14:27:25 [notice] 30#30: exiting
2025/02/27 14:27:25 [notice] 21#21: exit
2025/02/27 14:27:25 [notice] 24#24: exit
2025/02/27 14:27:25 [notice] 25#25: exit
2025/02/27 14:27:25 [notice] 23#23: exit
2025/02/27 14:27:25 [notice] 22#22: exit
2025/02/27 14:27:25 [notice] 28#28: exit
2025/02/27 14:27:25 [notice] 30#30: exit
2025/02/27 14:27:25 [notice] 27#27: exit
2025/02/27 14:27:25 [notice] 26#26: exit
2025/02/27 14:27:25 [notice] 29#29: gracefully shutting down
2025/02/27 14:27:25 [notice] 32#32: gracefully shutting down
2025/02/27 14:27:25 [notice] 29#29: exiting
2025/02/27 14:27:25 [notice] 32#32: exiting
2025/02/27 14:27:25 [notice] 29#29: exit
2025/02/27 14:27:25 [notice] 32#32: exit
2025/02/27 14:27:25 [notice] 31#31: gracefully shutting down
2025/02/27 14:27:25 [notice] 31#31: exiting
2025/02/27 14:27:25 [notice] 31#31: exit
2025/02/27 14:27:25 [notice] 1#1: signal 17 (SIGCHLD) received from 21
2025/02/27 14:27:25 [notice] 1#1: worker process 21 exited with code 0
2025/02/27 14:27:25 [notice] 1#1: worker process 22 exited with code 0
2025/02/27 14:27:25 [notice] 1#1: signal 29 (SIGIO) received
2025/02/27 14:27:25 [notice] 1#1: signal 17 (SIGCHLD) received from 32
2025/02/27 14:27:25 [notice] 1#1: worker process 32 exited with code 0
2025/02/27 14:27:25 [notice] 1#1: signal 29 (SIGIO) received
2025/02/27 14:27:25 [notice] 1#1: signal 17 (SIGCHLD) received from 27
2025/02/27 14:27:25 [notice] 1#1: worker process 27 exited with code 0
2025/02/27 14:27:25 [notice] 1#1: signal 29 (SIGIO) received
2025/02/27 14:27:25 [notice] 1#1: signal 17 (SIGCHLD) received from 25
2025/02/27 14:27:25 [notice] 1#1: worker process 25 exited with code 0
2025/02/27 14:27:25 [notice] 1#1: signal 29 (SIGIO) received
2025/02/27 14:27:25 [notice] 1#1: signal 17 (SIGCHLD) received from 24
2025/02/27 14:27:25 [notice] 1#1: worker process 24 exited with code 0
2025/02/27 14:27:25 [notice] 1#1: signal 29 (SIGIO) received
2025/02/27 14:27:25 [notice] 1#1: signal 17 (SIGCHLD) received from 31
2025/02/27 14:27:25 [notice] 1#1: worker process 29 exited with code 0
2025/02/27 14:27:25 [notice] 1#1: worker process 30 exited with code 0
2025/02/27 14:27:25 [notice] 1#1: worker process 31 exited with code 0
2025/02/27 14:27:25 [notice] 1#1: signal 29 (SIGIO) received
2025/02/27 14:27:25 [notice] 1#1: signal 17 (SIGCHLD) received from 29
2025/02/27 14:27:25 [notice] 1#1: signal 17 (SIGCHLD) received from 23
2025/02/27 14:27:25 [notice] 1#1: worker process 23 exited with code 0
2025/02/27 14:27:25 [notice] 1#1: signal 29 (SIGIO) received
2025/02/27 14:27:25 [notice] 1#1: signal 17 (SIGCHLD) received from 26
2025/02/27 14:27:25 [notice] 1#1: worker process 26 exited with code 0
2025/02/27 14:27:25 [notice] 1#1: worker process 28 exited with code 0
2025/02/27 14:27:25 [notice] 1#1: exit
2025/02/27 14:30:34 [notice] 1#1: using the "epoll" event method
2025/02/27 14:30:34 [notice] 1#1: nginx/1.25.3
2025/02/27 14:30:34 [notice] 1#1: built by gcc 12.2.0 (Debian 12.2.0-14) 
2025/02/27 14:30:34 [notice] 1#1: OS: Linux 6.8.0-52-generic
2025/02/27 14:30:34 [notice] 1#1: getrlimit(RLIMIT_NOFILE): 1048576:1048576
2025/02/27 14:30:34 [notice] 1#1: start worker processes
2025/02/27 14:30:34 [notice] 1#1: start worker process 21
2025/02/27 14:30:34 [notice] 1#1: start worker process 22
2025/02/27 14:30:34 [notice] 1#1: start worker process 23
2025/02/27 14:30:34 [notice] 1#1: start worker process 24
2025/02/27 14:30:34 [notice] 1#1: start worker process 25
2025/02/27 14:30:34 [notice] 1#1: start worker process 26
2025/02/27 14:30:34 [notice] 1#1: start worker process 27
2025/02/27 14:30:34 [notice] 1#1: start worker process 28
2025/02/27 14:30:34 [notice] 1#1: start worker process 29
2025/02/27 14:30:34 [notice] 1#1: start worker process 30
2025/02/27 14:30:34 [notice] 1#1: start worker process 31
2025/02/27 14:30:34 [notice] 1#1: start worker process 32
2025/02/27 14:30:54 [error] 21#21: *1 connect() failed (111: Connection refused) while connecting to upstream, client: 172.19.0.1, server: localhost, request: "GET / HTTP/1.1", upstream: "fastcgi://172.19.0.2:9000", host: "localhost:3781"
2025/02/27 14:31:25 [error] 21#21: *1 connect() failed (111: Connection refused) while connecting to upstream, client: 172.19.0.1, server: localhost, request: "GET / HTTP/1.1", upstream: "fastcgi://172.19.0.2:9000", host: "localhost:3781"
2025/02/27 14:34:33 [notice] 1#1: signal 3 (SIGQUIT) received, shutting down
2025/02/27 14:34:33 [notice] 21#21: gracefully shutting down
2025/02/27 14:34:33 [notice] 22#22: gracefully shutting down
2025/02/27 14:34:33 [notice] 23#23: gracefully shutting down
2025/02/27 14:34:33 [notice] 21#21: exiting
2025/02/27 14:34:33 [notice] 24#24: gracefully shutting down
2025/02/27 14:34:33 [notice] 22#22: exiting
2025/02/27 14:34:33 [notice] 23#23: exiting
2025/02/27 14:34:33 [notice] 25#25: gracefully shutting down
2025/02/27 14:34:33 [notice] 24#24: exiting
2025/02/27 14:34:33 [notice] 21#21: exit
2025/02/27 14:34:33 [notice] 25#25: exiting
2025/02/27 14:34:33 [notice] 23#23: exit
2025/02/27 14:34:33 [notice] 22#22: exit
2025/02/27 14:34:33 [notice] 24#24: exit
2025/02/27 14:34:33 [notice] 25#25: exit
2025/02/27 14:34:33 [notice] 26#26: gracefully shutting down
2025/02/27 14:34:33 [notice] 27#27: gracefully shutting down
2025/02/27 14:34:33 [notice] 26#26: exiting
2025/02/27 14:34:33 [notice] 27#27: exiting
2025/02/27 14:34:33 [notice] 26#26: exit
2025/02/27 14:34:33 [notice] 27#27: exit
2025/02/27 14:34:33 [notice] 28#28: gracefully shutting down
2025/02/27 14:34:33 [notice] 28#28: exiting
2025/02/27 14:34:33 [notice] 28#28: exit
2025/02/27 14:34:33 [notice] 30#30: gracefully shutting down
2025/02/27 14:34:33 [notice] 29#29: gracefully shutting down
2025/02/27 14:34:33 [notice] 31#31: gracefully shutting down
2025/02/27 14:34:33 [notice] 30#30: exiting
2025/02/27 14:34:33 [notice] 29#29: exiting
2025/02/27 14:34:33 [notice] 31#31: exiting
2025/02/27 14:34:33 [notice] 29#29: exit
2025/02/27 14:34:33 [notice] 30#30: exit
2025/02/27 14:34:33 [notice] 31#31: exit
2025/02/27 14:34:33 [notice] 32#32: gracefully shutting down
2025/02/27 14:34:33 [notice] 32#32: exiting
2025/02/27 14:34:33 [notice] 32#32: exit
2025/02/27 14:34:33 [notice] 1#1: signal 17 (SIGCHLD) received from 22
2025/02/27 14:34:33 [notice] 1#1: worker process 21 exited with code 0
2025/02/27 14:34:33 [notice] 1#1: worker process 22 exited with code 0
2025/02/27 14:34:33 [notice] 1#1: worker process 23 exited with code 0
2025/02/27 14:34:33 [notice] 1#1: worker process 24 exited with code 0
2025/02/27 14:34:33 [notice] 1#1: worker process 30 exited with code 0
2025/02/27 14:34:33 [notice] 1#1: worker process 31 exited with code 0
2025/02/27 14:34:33 [notice] 1#1: worker process 32 exited with code 0
2025/02/27 14:34:33 [notice] 1#1: signal 29 (SIGIO) received
2025/02/27 14:34:33 [notice] 1#1: signal 17 (SIGCHLD) received from 31
2025/02/27 14:34:33 [notice] 1#1: signal 17 (SIGCHLD) received from 26
2025/02/27 14:34:33 [notice] 1#1: worker process 26 exited with code 0
2025/02/27 14:34:33 [notice] 1#1: worker process 29 exited with code 0
2025/02/27 14:34:33 [notice] 1#1: signal 29 (SIGIO) received
2025/02/27 14:34:33 [notice] 1#1: signal 17 (SIGCHLD) received from 29
2025/02/27 14:34:33 [notice] 1#1: signal 17 (SIGCHLD) received from 25
2025/02/27 14:34:33 [notice] 1#1: worker process 25 exited with code 0
2025/02/27 14:34:33 [notice] 1#1: worker process 28 exited with code 0
2025/02/27 14:34:33 [notice] 1#1: signal 29 (SIGIO) received
2025/02/27 14:34:33 [notice] 1#1: signal 17 (SIGCHLD) received from 28
2025/02/27 14:34:33 [notice] 1#1: signal 17 (SIGCHLD) received from 27
2025/02/27 14:34:33 [notice] 1#1: worker process 27 exited with code 0
2025/02/27 14:34:33 [notice] 1#1: exit
2025/02/27 14:34:33 [notice] 1#1: using the "epoll" event method
2025/02/27 14:34:33 [notice] 1#1: nginx/1.25.3
2025/02/27 14:34:33 [notice] 1#1: built by gcc 12.2.0 (Debian 12.2.0-14) 
2025/02/27 14:34:33 [notice] 1#1: OS: Linux 6.8.0-52-generic
2025/02/27 14:34:33 [notice] 1#1: getrlimit(RLIMIT_NOFILE): 1048576:1048576
2025/02/27 14:34:33 [notice] 1#1: start worker processes
2025/02/27 14:34:33 [notice] 1#1: start worker process 21
2025/02/27 14:34:33 [notice] 1#1: start worker process 22
2025/02/27 14:34:33 [notice] 1#1: start worker process 23
2025/02/27 14:34:33 [notice] 1#1: start worker process 24
2025/02/27 14:34:33 [notice] 1#1: start worker process 25
2025/02/27 14:34:33 [notice] 1#1: start worker process 26
2025/02/27 14:34:33 [notice] 1#1: start worker process 27
2025/02/27 14:34:33 [notice] 1#1: start worker process 28
2025/02/27 14:34:33 [notice] 1#1: start worker process 29
2025/02/27 14:34:33 [notice] 1#1: start worker process 30
2025/02/27 14:34:33 [notice] 1#1: start worker process 31
2025/02/27 14:34:33 [notice] 1#1: start worker process 32
2025/02/27 14:34:46 [error] 21#21: *1 connect() failed (111: Connection refused) while connecting to upstream, client: 172.19.0.1, server: localhost, request: "GET / HTTP/1.1", upstream: "fastcgi://172.19.0.2:9000", host: "localhost:3781"
2025/02/27 14:35:18 [error] 21#21: *1 connect() failed (111: Connection refused) while connecting to upstream, client: 172.19.0.1, server: localhost, request: "GET / HTTP/1.1", upstream: "fastcgi://172.19.0.2:9000", host: "localhost:3781"
2025/02/27 14:36:17 [notice] 1#1: signal 3 (SIGQUIT) received, shutting down
2025/02/27 14:36:17 [notice] 22#22: gracefully shutting down
2025/02/27 14:36:17 [notice] 21#21: gracefully shutting down
2025/02/27 14:36:17 [notice] 23#23: gracefully shutting down
2025/02/27 14:36:17 [notice] 24#24: gracefully shutting down
2025/02/27 14:36:17 [notice] 25#25: gracefully shutting down
2025/02/27 14:36:17 [notice] 26#26: gracefully shutting down
2025/02/27 14:36:17 [notice] 22#22: exiting
2025/02/27 14:36:17 [notice] 28#28: gracefully shutting down
2025/02/27 14:36:17 [notice] 23#23: exiting
2025/02/27 14:36:17 [notice] 31#31: gracefully shutting down
2025/02/27 14:36:17 [notice] 27#27: gracefully shutting down
2025/02/27 14:36:17 [notice] 29#29: gracefully shutting down
2025/02/27 14:36:17 [notice] 24#24: exiting
2025/02/27 14:36:17 [notice] 25#25: exiting
2025/02/27 14:36:17 [notice] 26#26: exiting
2025/02/27 14:36:17 [notice] 28#28: exiting
2025/02/27 14:36:17 [notice] 31#31: exiting
2025/02/27 14:36:17 [notice] 27#27: exiting
2025/02/27 14:36:17 [notice] 29#29: exiting
2025/02/27 14:36:17 [notice] 22#22: exit
2025/02/27 14:36:17 [notice] 23#23: exit
2025/02/27 14:36:17 [notice] 21#21: exiting
2025/02/27 14:36:17 [notice] 24#24: exit
2025/02/27 14:36:17 [notice] 25#25: exit
2025/02/27 14:36:17 [notice] 28#28: exit
2025/02/27 14:36:17 [notice] 31#31: exit
2025/02/27 14:36:17 [notice] 26#26: exit
2025/02/27 14:36:17 [notice] 29#29: exit
2025/02/27 14:36:17 [notice] 27#27: exit
2025/02/27 14:36:17 [notice] 21#21: exit
2025/02/27 14:36:17 [notice] 30#30: gracefully shutting down
2025/02/27 14:36:17 [notice] 30#30: exiting
2025/02/27 14:36:17 [notice] 30#30: exit
2025/02/27 14:36:17 [notice] 32#32: gracefully shutting down
2025/02/27 14:36:17 [notice] 32#32: exiting
2025/02/27 14:36:17 [notice] 32#32: exit
2025/02/27 14:36:17 [notice] 1#1: signal 17 (SIGCHLD) received from 21
2025/02/27 14:36:17 [notice] 1#1: worker process 21 exited with code 0
2025/02/27 14:36:17 [notice] 1#1: worker process 23 exited with code 0
2025/02/27 14:36:17 [notice] 1#1: worker process 28 exited with code 0
2025/02/27 14:36:17 [notice] 1#1: worker process 30 exited with code 0
2025/02/27 14:36:17 [notice] 1#1: worker process 31 exited with code 0
2025/02/27 14:36:17 [notice] 1#1: signal 29 (SIGIO) received
2025/02/27 14:36:17 [notice] 1#1: signal 17 (SIGCHLD) received from 31
2025/02/27 14:36:17 [notice] 1#1: signal 17 (SIGCHLD) received from 22
2025/02/27 14:36:17 [notice] 1#1: worker process 22 exited with code 0
2025/02/27 14:36:17 [notice] 1#1: signal 29 (SIGIO) received
2025/02/27 14:36:17 [notice] 1#1: signal 17 (SIGCHLD) received from 29
2025/02/27 14:36:17 [notice] 1#1: worker process 29 exited with code 0
2025/02/27 14:36:17 [notice] 1#1: signal 29 (SIGIO) received
2025/02/27 14:36:17 [notice] 1#1: signal 17 (SIGCHLD) received from 32
2025/02/27 14:36:17 [notice] 1#1: worker process 32 exited with code 0
2025/02/27 14:36:17 [notice] 1#1: signal 29 (SIGIO) received
2025/02/27 14:36:17 [notice] 1#1: signal 17 (SIGCHLD) received from 25
2025/02/27 14:36:17 [notice] 1#1: worker process 25 exited with code 0
2025/02/27 14:36:17 [notice] 1#1: signal 29 (SIGIO) received
2025/02/27 14:36:17 [notice] 1#1: signal 17 (SIGCHLD) received from 24
2025/02/27 14:36:17 [notice] 1#1: worker process 24 exited with code 0
2025/02/27 14:36:17 [notice] 1#1: signal 29 (SIGIO) received
2025/02/27 14:36:17 [notice] 1#1: signal 17 (SIGCHLD) received from 27
2025/02/27 14:36:17 [notice] 1#1: worker process 27 exited with code 0
2025/02/27 14:36:17 [notice] 1#1: signal 29 (SIGIO) received
2025/02/27 14:36:17 [notice] 1#1: signal 17 (SIGCHLD) received from 26
2025/02/27 14:36:17 [notice] 1#1: worker process 26 exited with code 0
2025/02/27 14:36:17 [notice] 1#1: exit
2025/02/27 14:39:41 [notice] 1#1: using the "epoll" event method
2025/02/27 14:39:41 [notice] 1#1: nginx/1.25.3
2025/02/27 14:39:41 [notice] 1#1: built by gcc 12.2.0 (Debian 12.2.0-14) 
2025/02/27 14:39:41 [notice] 1#1: OS: Linux 6.8.0-52-generic
2025/02/27 14:39:41 [notice] 1#1: getrlimit(RLIMIT_NOFILE): 1048576:1048576
2025/02/27 14:39:41 [notice] 1#1: start worker processes
2025/02/27 14:39:41 [notice] 1#1: start worker process 21
2025/02/27 14:39:41 [notice] 1#1: start worker process 22
2025/02/27 14:39:41 [notice] 1#1: start worker process 23
2025/02/27 14:39:41 [notice] 1#1: start worker process 24
2025/02/27 14:39:41 [notice] 1#1: start worker process 25
2025/02/27 14:39:41 [notice] 1#1: start worker process 26
2025/02/27 14:39:41 [notice] 1#1: start worker process 27
2025/02/27 14:39:41 [notice] 1#1: start worker process 28
2025/02/27 14:39:41 [notice] 1#1: start worker process 29
2025/02/27 14:39:41 [notice] 1#1: start worker process 30
2025/02/27 14:39:41 [notice] 1#1: start worker process 31
2025/02/27 14:39:41 [notice] 1#1: start worker process 32
2025/02/27 14:39:56 [error] 24#24: *1 connect() failed (111: Connection refused) while connecting to upstream, client: 172.19.0.1, server: localhost, request: "GET / HTTP/1.1", upstream: "fastcgi://172.19.0.2:9000", host: "localhost:3781"
2025/02/27 14:39:58 [error] 24#24: *1 connect() failed (111: Connection refused) while connecting to upstream, client: 172.19.0.1, server: localhost, request: "GET / HTTP/1.1", upstream: "fastcgi://172.19.0.2:9000", host: "localhost:3781"
2025/02/27 14:42:49 [notice] 1#1: signal 3 (SIGQUIT) received, shutting down
2025/02/27 14:42:49 [notice] 21#21: gracefully shutting down
2025/02/27 14:42:49 [notice] 22#22: gracefully shutting down
2025/02/27 14:42:49 [notice] 21#21: exiting
2025/02/27 14:42:49 [notice] 22#22: exiting
2025/02/27 14:42:49 [notice] 22#22: exit
2025/02/27 14:42:49 [notice] 21#21: exit
2025/02/27 14:42:49 [notice] 24#24: gracefully shutting down
2025/02/27 14:42:49 [notice] 23#23: gracefully shutting down
2025/02/27 14:42:49 [notice] 24#24: exiting
2025/02/27 14:42:49 [notice] 23#23: exiting
2025/02/27 14:42:49 [notice] 24#24: exit
2025/02/27 14:42:49 [notice] 23#23: exit
2025/02/27 14:42:49 [notice] 25#25: gracefully shutting down
2025/02/27 14:42:49 [notice] 25#25: exiting
2025/02/27 14:42:49 [notice] 25#25: exit
2025/02/27 14:42:49 [notice] 30#30: gracefully shutting down
2025/02/27 14:42:49 [notice] 32#32: gracefully shutting down
2025/02/27 14:42:49 [notice] 26#26: gracefully shutting down
2025/02/27 14:42:49 [notice] 30#30: exiting
2025/02/27 14:42:49 [notice] 32#32: exiting
2025/02/27 14:42:49 [notice] 27#27: gracefully shutting down
2025/02/27 14:42:49 [notice] 26#26: exiting
2025/02/27 14:42:49 [notice] 27#27: exiting
2025/02/27 14:42:49 [notice] 30#30: exit
2025/02/27 14:42:49 [notice] 32#32: exit
2025/02/27 14:42:49 [notice] 26#26: exit
2025/02/27 14:42:49 [notice] 28#28: gracefully shutting down
2025/02/27 14:42:49 [notice] 27#27: exit
2025/02/27 14:42:49 [notice] 28#28: exiting
2025/02/27 14:42:49 [notice] 28#28: exit
2025/02/27 14:42:49 [notice] 29#29: gracefully shutting down
2025/02/27 14:42:49 [notice] 29#29: exiting
2025/02/27 14:42:49 [notice] 29#29: exit
2025/02/27 14:42:49 [notice] 31#31: gracefully shutting down
2025/02/27 14:42:49 [notice] 31#31: exiting
2025/02/27 14:42:49 [notice] 31#31: exit
2025/02/27 14:42:49 [notice] 1#1: signal 17 (SIGCHLD) received from 21
2025/02/27 14:42:49 [notice] 1#1: worker process 21 exited with code 0
2025/02/27 14:42:49 [notice] 1#1: worker process 22 exited with code 0
2025/02/27 14:42:49 [notice] 1#1: worker process 25 exited with code 0
2025/02/27 14:42:49 [notice] 1#1: worker process 31 exited with code 0
2025/02/27 14:42:49 [notice] 1#1: signal 29 (SIGIO) received
2025/02/27 14:42:49 [notice] 1#1: signal 17 (SIGCHLD) received from 26
2025/02/27 14:42:49 [notice] 1#1: worker process 26 exited with code 0
2025/02/27 14:42:49 [notice] 1#1: worker process 32 exited with code 0
2025/02/27 14:42:49 [notice] 1#1: signal 29 (SIGIO) received
2025/02/27 14:42:49 [notice] 1#1: signal 17 (SIGCHLD) received from 28
2025/02/27 14:42:49 [notice] 1#1: worker process 28 exited with code 0
2025/02/27 14:42:49 [notice] 1#1: signal 29 (SIGIO) received
2025/02/27 14:42:49 [notice] 1#1: signal 17 (SIGCHLD) received from 29
2025/02/27 14:42:49 [notice] 1#1: worker process 29 exited with code 0
2025/02/27 14:42:49 [notice] 1#1: signal 29 (SIGIO) received
2025/02/27 14:42:49 [notice] 1#1: signal 17 (SIGCHLD) received from 24
2025/02/27 14:42:49 [notice] 1#1: worker process 24 exited with code 0
2025/02/27 14:42:49 [notice] 1#1: signal 29 (SIGIO) received
2025/02/27 14:42:49 [notice] 1#1: signal 17 (SIGCHLD) received from 27
2025/02/27 14:42:49 [notice] 1#1: worker process 23 exited with code 0
2025/02/27 14:42:49 [notice] 1#1: worker process 27 exited with code 0
2025/02/27 14:42:49 [notice] 1#1: signal 17 (SIGCHLD) received from 23
2025/02/27 14:42:49 [notice] 1#1: worker process 30 exited with code 0
2025/02/27 14:42:49 [notice] 1#1: exit
2025/02/27 14:43:23 [notice] 1#1: using the "epoll" event method
2025/02/27 14:43:23 [notice] 1#1: nginx/1.25.3
2025/02/27 14:43:23 [notice] 1#1: built by gcc 12.2.0 (Debian 12.2.0-14) 
2025/02/27 14:43:23 [notice] 1#1: OS: Linux 6.8.0-52-generic
2025/02/27 14:43:23 [notice] 1#1: getrlimit(RLIMIT_NOFILE): 1048576:1048576
2025/02/27 14:43:23 [notice] 1#1: start worker processes
2025/02/27 14:43:23 [notice] 1#1: start worker process 21
2025/02/27 14:43:23 [notice] 1#1: start worker process 22
2025/02/27 14:43:23 [notice] 1#1: start worker process 23
2025/02/27 14:43:23 [notice] 1#1: start worker process 24
2025/02/27 14:43:23 [notice] 1#1: start worker process 25
2025/02/27 14:43:23 [notice] 1#1: start worker process 26
2025/02/27 14:43:23 [notice] 1#1: start worker process 27
2025/02/27 14:43:23 [notice] 1#1: start worker process 28
2025/02/27 14:43:23 [notice] 1#1: start worker process 29
2025/02/27 14:43:23 [notice] 1#1: start worker process 30
2025/02/27 14:43:23 [notice] 1#1: start worker process 31
2025/02/27 14:43:23 [notice] 1#1: start worker process 32
2025/02/27 14:43:27 [error] 21#21: *1 recv() failed (104: Connection reset by peer) while reading response header from upstream, client: 172.19.0.1, server: localhost, request: "GET / HTTP/1.1", upstream: "fastcgi://172.19.0.2:9000", host: "localhost:3781"
2025/02/28 06:20:48 [error] 23#23: *4 recv() failed (104: Connection reset by peer) while reading response header from upstream, client: 172.19.0.1, server: localhost, request: "GET / HTTP/1.1", upstream: "fastcgi://172.19.0.2:9000", host: "localhost:3781"
2025/02/28 06:20:49 [error] 23#23: *4 recv() failed (104: Connection reset by peer) while reading response header from upstream, client: 172.19.0.1, server: localhost, request: "GET / HTTP/1.1", upstream: "fastcgi://172.19.0.2:9000", host: "localhost:3781"
2025/02/28 06:20:53 [error] 23#23: *4 recv() failed (104: Connection reset by peer) while reading response header from upstream, client: 172.19.0.1, server: localhost, request: "GET / HTTP/1.1", upstream: "fastcgi://172.19.0.2:9000", host: "localhost:3781"
2025/02/28 06:21:05 [notice] 1#1: signal 3 (SIGQUIT) received, shutting down
2025/02/28 06:21:05 [notice] 21#21: gracefully shutting down
2025/02/28 06:21:05 [notice] 22#22: gracefully shutting down
2025/02/28 06:21:05 [notice] 24#24: gracefully shutting down
2025/02/28 06:21:05 [notice] 23#23: gracefully shutting down
2025/02/28 06:21:05 [notice] 25#25: gracefully shutting down
2025/02/28 06:21:05 [notice] 26#26: gracefully shutting down
2025/02/28 06:21:05 [notice] 28#28: gracefully shutting down
2025/02/28 06:21:05 [notice] 27#27: gracefully shutting down
2025/02/28 06:21:05 [notice] 21#21: exiting
2025/02/28 06:21:05 [notice] 22#22: exiting
2025/02/28 06:21:05 [notice] 29#29: gracefully shutting down
2025/02/28 06:21:05 [notice] 25#25: exiting
2025/02/28 06:21:05 [notice] 26#26: exiting
2025/02/28 06:21:05 [notice] 28#28: exiting
2025/02/28 06:21:05 [notice] 27#27: exiting
2025/02/28 06:21:05 [notice] 29#29: exiting
2025/02/28 06:21:05 [notice] 21#21: exit
2025/02/28 06:21:05 [notice] 28#28: exit
2025/02/28 06:21:05 [notice] 22#22: exit
2025/02/28 06:21:05 [notice] 26#26: exit
2025/02/28 06:21:05 [notice] 25#25: exit
2025/02/28 06:21:05 [notice] 27#27: exit
2025/02/28 06:21:05 [notice] 23#23: exiting
2025/02/28 06:21:05 [notice] 29#29: exit
2025/02/28 06:21:05 [notice] 23#23: exit
2025/02/28 06:21:05 [notice] 30#30: gracefully shutting down
2025/02/28 06:21:05 [notice] 30#30: exiting
2025/02/28 06:21:05 [notice] 30#30: exit
2025/02/28 06:21:05 [notice] 31#31: gracefully shutting down
2025/02/28 06:21:05 [notice] 31#31: exiting
2025/02/28 06:21:05 [notice] 31#31: exit
2025/02/28 06:21:05 [notice] 32#32: gracefully shutting down
2025/02/28 06:21:05 [notice] 32#32: exiting
2025/02/28 06:21:05 [notice] 32#32: exit
2025/02/28 06:21:05 [notice] 1#1: signal 17 (SIGCHLD) received from 27
2025/02/28 06:21:05 [notice] 1#1: worker process 27 exited with code 0
2025/02/28 06:21:05 [notice] 1#1: signal 29 (SIGIO) received
2025/02/28 06:21:05 [notice] 1#1: signal 17 (SIGCHLD) received from 26
2025/02/28 06:21:05 [notice] 1#1: worker process 26 exited with code 0
2025/02/28 06:21:05 [notice] 1#1: signal 29 (SIGIO) received
2025/02/28 06:21:05 [notice] 1#1: signal 17 (SIGCHLD) received from 32
2025/02/28 06:21:05 [notice] 1#1: worker process 32 exited with code 0
2025/02/28 06:21:05 [notice] 1#1: worker process 21 exited with code 0
2025/02/28 06:21:05 [notice] 1#1: worker process 22 exited with code 0
2025/02/28 06:21:05 [notice] 1#1: signal 29 (SIGIO) received
2025/02/28 06:21:05 [notice] 1#1: signal 17 (SIGCHLD) received from 21
2025/02/28 06:21:05 [notice] 1#1: signal 17 (SIGCHLD) received from 28
2025/02/28 06:21:05 [notice] 1#1: worker process 28 exited with code 0
2025/02/28 06:21:05 [notice] 1#1: worker process 29 exited with code 0
2025/02/28 06:21:05 [notice] 1#1: worker process 30 exited with code 0
2025/02/28 06:21:05 [notice] 1#1: worker process 23 exited with code 0
2025/02/28 06:21:05 [notice] 1#1: signal 29 (SIGIO) received
2025/02/28 06:21:05 [notice] 1#1: signal 17 (SIGCHLD) received from 29
2025/02/28 06:21:05 [notice] 1#1: signal 17 (SIGCHLD) received from 25
2025/02/28 06:21:05 [notice] 1#1: worker process 25 exited with code 0
2025/02/28 06:21:05 [notice] 1#1: signal 29 (SIGIO) received
2025/02/28 06:21:05 [notice] 1#1: signal 17 (SIGCHLD) received from 31
2025/02/28 06:21:05 [notice] 1#1: worker process 31 exited with code 0
2025/02/28 06:21:05 [notice] 1#1: signal 29 (SIGIO) received
2025/02/28 06:25:58 [notice] 1#1: using the "epoll" event method
2025/02/28 06:25:58 [notice] 1#1: nginx/1.25.3
2025/02/28 06:25:58 [notice] 1#1: built by gcc 12.2.0 (Debian 12.2.0-14) 
2025/02/28 06:25:58 [notice] 1#1: OS: Linux 6.8.0-52-generic
2025/02/28 06:25:58 [notice] 1#1: getrlimit(RLIMIT_NOFILE): 1048576:1048576
2025/02/28 06:25:58 [notice] 1#1: start worker processes
2025/02/28 06:25:58 [notice] 1#1: start worker process 22
2025/02/28 06:25:58 [notice] 1#1: start worker process 23
2025/02/28 06:25:58 [notice] 1#1: start worker process 24
2025/02/28 06:25:58 [notice] 1#1: start worker process 25
2025/02/28 06:25:58 [notice] 1#1: start worker process 26
2025/02/28 06:25:58 [notice] 1#1: start worker process 27
2025/02/28 06:25:58 [notice] 1#1: start worker process 28
2025/02/28 06:25:58 [notice] 1#1: start worker process 29
2025/02/28 06:25:58 [notice] 1#1: start worker process 30
2025/02/28 06:25:58 [notice] 1#1: start worker process 31
2025/02/28 06:25:58 [notice] 1#1: start worker process 32
2025/02/28 06:25:58 [notice] 1#1: start worker process 33
2025/02/28 06:26:03 [error] 22#22: *1 recv() failed (104: Connection reset by peer) while reading response header from upstream, client: 172.19.0.1, server: 0.0.0.0, request: "GET / HTTP/1.1", upstream: "fastcgi://172.19.0.2:9000", host: "localhost:3781"
2025/02/28 06:26:06 [error] 22#22: *1 recv() failed (104: Connection reset by peer) while reading response header from upstream, client: 172.19.0.1, server: 0.0.0.0, request: "GET / HTTP/1.1", upstream: "fastcgi://172.19.0.2:9000", host: "localhost:3781"
2025/02/28 06:29:00 [notice] 1#1: signal 3 (SIGQUIT) received, shutting down
2025/02/28 06:29:00 [notice] 22#22: gracefully shutting down
2025/02/28 06:29:00 [notice] 23#23: gracefully shutting down
2025/02/28 06:29:00 [notice] 26#26: gracefully shutting down
2025/02/28 06:29:00 [notice] 24#24: gracefully shutting down
2025/02/28 06:29:00 [notice] 25#25: gracefully shutting down
2025/02/28 06:29:00 [notice] 22#22: exiting
2025/02/28 06:29:00 [notice] 28#28: gracefully shutting down
2025/02/28 06:29:00 [notice] 27#27: gracefully shutting down
2025/02/28 06:29:00 [notice] 29#29: gracefully shutting down
2025/02/28 06:29:00 [notice] 23#23: exiting
2025/02/28 06:29:00 [notice] 26#26: exiting
2025/02/28 06:29:00 [notice] 31#31: gracefully shutting down
2025/02/28 06:29:00 [notice] 24#24: exiting
2025/02/28 06:29:00 [notice] 25#25: exiting
2025/02/28 06:29:00 [notice] 28#28: exiting
2025/02/28 06:29:00 [notice] 27#27: exiting
2025/02/28 06:29:00 [notice] 29#29: exiting
2025/02/28 06:29:00 [notice] 31#31: exiting
2025/02/28 06:29:00 [notice] 22#22: exit
2025/02/28 06:29:00 [notice] 27#27: exit
2025/02/28 06:29:00 [notice] 26#26: exit
2025/02/28 06:29:00 [notice] 24#24: exit
2025/02/28 06:29:00 [notice] 28#28: exit
2025/02/28 06:29:00 [notice] 25#25: exit
2025/02/28 06:29:00 [notice] 23#23: exit
2025/02/28 06:29:00 [notice] 29#29: exit
2025/02/28 06:29:00 [notice] 31#31: exit
2025/02/28 06:29:00 [notice] 30#30: gracefully shutting down
2025/02/28 06:29:00 [notice] 30#30: exiting
2025/02/28 06:29:00 [notice] 30#30: exit
2025/02/28 06:29:00 [notice] 32#32: gracefully shutting down
2025/02/28 06:29:00 [notice] 33#33: gracefully shutting down
2025/02/28 06:29:00 [notice] 32#32: exiting
2025/02/28 06:29:00 [notice] 33#33: exiting
2025/02/28 06:29:00 [notice] 32#32: exit
2025/02/28 06:29:00 [notice] 33#33: exit
2025/02/28 06:29:00 [notice] 1#1: signal 17 (SIGCHLD) received from 22
2025/02/28 06:29:00 [notice] 1#1: worker process 22 exited with code 0
2025/02/28 06:29:00 [notice] 1#1: signal 29 (SIGIO) received
2025/02/28 06:29:00 [notice] 1#1: signal 17 (SIGCHLD) received from 24
2025/02/28 06:29:00 [notice] 1#1: worker process 24 exited with code 0
2025/02/28 06:29:00 [notice] 1#1: signal 29 (SIGIO) received
2025/02/28 06:29:00 [notice] 1#1: signal 17 (SIGCHLD) received from 33
2025/02/28 06:29:00 [notice] 1#1: worker process 26 exited with code 0
2025/02/28 06:29:00 [notice] 1#1: worker process 31 exited with code 0
2025/02/28 06:29:00 [notice] 1#1: worker process 27 exited with code 0
2025/02/28 06:29:00 [notice] 1#1: worker process 33 exited with code 0
2025/02/28 06:29:00 [notice] 1#1: signal 29 (SIGIO) received
2025/02/28 06:29:00 [notice] 1#1: signal 17 (SIGCHLD) received from 26
2025/02/28 06:29:00 [notice] 1#1: signal 17 (SIGCHLD) received from 30
2025/02/28 06:29:00 [notice] 1#1: worker process 30 exited with code 0
2025/02/28 06:29:00 [notice] 1#1: signal 29 (SIGIO) received
2025/02/28 06:29:00 [notice] 1#1: signal 17 (SIGCHLD) received from 28
2025/02/28 06:29:00 [notice] 1#1: worker process 25 exited with code 0
2025/02/28 06:29:00 [notice] 1#1: worker process 28 exited with code 0
2025/02/28 06:29:00 [notice] 1#1: worker process 29 exited with code 0
2025/02/28 06:29:00 [notice] 1#1: signal 29 (SIGIO) received
2025/02/28 06:29:00 [notice] 1#1: signal 17 (SIGCHLD) received from 32
2025/02/28 06:29:00 [notice] 1#1: worker process 32 exited with code 0
2025/02/28 06:29:00 [notice] 1#1: signal 29 (SIGIO) received
2025/02/28 06:29:00 [notice] 1#1: signal 17 (SIGCHLD) received from 23
2025/02/28 06:29:00 [notice] 1#1: worker process 23 exited with code 0
2025/02/28 06:29:00 [notice] 1#1: exit
2025/02/28 06:31:15 [notice] 1#1: using the "epoll" event method
2025/02/28 06:31:15 [notice] 1#1: nginx/1.25.3
2025/02/28 06:31:15 [notice] 1#1: built by gcc 12.2.0 (Debian 12.2.0-14) 
2025/02/28 06:31:15 [notice] 1#1: OS: Linux 6.8.0-52-generic
2025/02/28 06:31:15 [notice] 1#1: getrlimit(RLIMIT_NOFILE): 1048576:1048576
2025/02/28 06:31:15 [notice] 1#1: start worker processes
2025/02/28 06:31:15 [notice] 1#1: start worker process 21
2025/02/28 06:31:15 [notice] 1#1: start worker process 22
2025/02/28 06:31:15 [notice] 1#1: start worker process 23
2025/02/28 06:31:15 [notice] 1#1: start worker process 24
2025/02/28 06:31:15 [notice] 1#1: start worker process 25
2025/02/28 06:31:15 [notice] 1#1: start worker process 26
2025/02/28 06:31:15 [notice] 1#1: start worker process 27
2025/02/28 06:31:15 [notice] 1#1: start worker process 28
2025/02/28 06:31:15 [notice] 1#1: start worker process 29
2025/02/28 06:31:15 [notice] 1#1: start worker process 30
2025/02/28 06:31:15 [notice] 1#1: start worker process 31
2025/02/28 06:31:15 [notice] 1#1: start worker process 32
2025/02/28 06:34:21 [error] 21#21: *1 recv() failed (104: Connection reset by peer) while reading response header from upstream, client: 172.19.0.1, server: 0.0.0.0, request: "GET / HTTP/1.1", upstream: "fastcgi://172.19.0.2:9000", host: "localhost:3781"
2025/02/28 06:35:30 [error] 23#23: *4 recv() failed (104: Connection reset by peer) while reading response header from upstream, client: 172.19.0.1, server: 0.0.0.0, request: "GET / HTTP/1.1", upstream: "fastcgi://172.19.0.2:9000", host: "localhost:3781"
2025/02/28 06:35:44 [error] 23#23: *4 recv() failed (104: Connection reset by peer) while reading response header from upstream, client: 172.19.0.1, server: 0.0.0.0, request: "GET / HTTP/1.1", upstream: "fastcgi://172.19.0.2:9000", host: "localhost:3781"
2025/02/28 07:02:22 [notice] 1#1: signal 3 (SIGQUIT) received, shutting down
2025/02/28 07:02:22 [notice] 21#21: gracefully shutting down
2025/02/28 07:02:22 [notice] 22#22: gracefully shutting down
2025/02/28 07:02:22 [notice] 23#23: gracefully shutting down
2025/02/28 07:02:22 [notice] 27#27: gracefully shutting down
2025/02/28 07:02:22 [notice] 24#24: gracefully shutting down
2025/02/28 07:02:22 [notice] 21#21: exiting
2025/02/28 07:02:22 [notice] 26#26: gracefully shutting down
2025/02/28 07:02:22 [notice] 25#25: gracefully shutting down
2025/02/28 07:02:22 [notice] 22#22: exiting
2025/02/28 07:02:22 [notice] 28#28: gracefully shutting down
2025/02/28 07:02:22 [notice] 23#23: exiting
2025/02/28 07:02:22 [notice] 27#27: exiting
2025/02/28 07:02:22 [notice] 29#29: gracefully shutting down
2025/02/28 07:02:22 [notice] 24#24: exiting
2025/02/28 07:02:22 [notice] 26#26: exiting
2025/02/28 07:02:22 [notice] 25#25: exiting
2025/02/28 07:02:22 [notice] 28#28: exiting
2025/02/28 07:02:22 [notice] 21#21: exit
2025/02/28 07:02:22 [notice] 29#29: exiting
2025/02/28 07:02:22 [notice] 23#23: exit
2025/02/28 07:02:22 [notice] 22#22: exit
2025/02/28 07:02:22 [notice] 27#27: exit
2025/02/28 07:02:22 [notice] 24#24: exit
2025/02/28 07:02:22 [notice] 25#25: exit
2025/02/28 07:02:22 [notice] 26#26: exit
2025/02/28 07:02:22 [notice] 28#28: exit
2025/02/28 07:02:22 [notice] 29#29: exit
2025/02/28 07:02:22 [notice] 30#30: gracefully shutting down
2025/02/28 07:02:22 [notice] 30#30: exiting
2025/02/28 07:02:22 [notice] 30#30: exit
2025/02/28 07:02:22 [notice] 31#31: gracefully shutting down
2025/02/28 07:02:22 [notice] 31#31: exiting
2025/02/28 07:02:22 [notice] 31#31: exit
2025/02/28 07:02:22 [notice] 32#32: gracefully shutting down
2025/02/28 07:02:22 [notice] 32#32: exiting
2025/02/28 07:02:22 [notice] 32#32: exit
2025/02/28 07:02:22 [notice] 1#1: signal 17 (SIGCHLD) received from 31
2025/02/28 07:02:22 [notice] 1#1: worker process 23 exited with code 0
2025/02/28 07:02:22 [notice] 1#1: worker process 26 exited with code 0
2025/02/28 07:02:22 [notice] 1#1: worker process 27 exited with code 0
2025/02/28 07:02:22 [notice] 1#1: worker process 31 exited with code 0
2025/02/28 07:02:22 [notice] 1#1: worker process 28 exited with code 0
2025/02/28 07:02:22 [notice] 1#1: worker process 32 exited with code 0
2025/02/28 07:02:22 [notice] 1#1: signal 29 (SIGIO) received
2025/02/28 07:02:22 [notice] 1#1: signal 17 (SIGCHLD) received from 28
2025/02/28 07:02:22 [notice] 1#1: signal 17 (SIGCHLD) received from 22
2025/02/28 07:02:22 [notice] 1#1: worker process 22 exited with code 0
2025/02/28 07:02:22 [notice] 1#1: signal 29 (SIGIO) received
2025/02/28 07:02:22 [notice] 1#1: signal 17 (SIGCHLD) received from 30
2025/02/28 07:02:22 [notice] 1#1: worker process 30 exited with code 0
2025/02/28 07:02:22 [notice] 1#1: signal 29 (SIGIO) received
2025/02/28 07:02:22 [notice] 1#1: signal 17 (SIGCHLD) received from 25
2025/02/28 07:02:22 [notice] 1#1: worker process 21 exited with code 0
2025/02/28 07:02:22 [notice] 1#1: worker process 25 exited with code 0
2025/02/28 07:02:22 [notice] 1#1: signal 29 (SIGIO) received
2025/02/28 07:02:22 [notice] 1#1: signal 17 (SIGCHLD) received from 21
2025/02/28 07:02:22 [notice] 1#1: signal 17 (SIGCHLD) received from 24
2025/02/28 07:02:22 [notice] 1#1: worker process 24 exited with code 0
2025/02/28 07:02:22 [notice] 1#1: signal 17 (SIGCHLD) received from 29
2025/02/28 07:02:22 [notice] 1#1: worker process 29 exited with code 0
2025/02/28 07:02:22 [notice] 1#1: exit
2025/02/28 07:14:00 [notice] 1#1: using the "epoll" event method
2025/02/28 07:14:00 [notice] 1#1: nginx/1.25.3
2025/02/28 07:14:00 [notice] 1#1: built by gcc 12.2.0 (Debian 12.2.0-14) 
2025/02/28 07:14:00 [notice] 1#1: OS: Linux 6.8.0-52-generic
2025/02/28 07:14:00 [notice] 1#1: getrlimit(RLIMIT_NOFILE): 1048576:1048576
2025/02/28 07:14:00 [notice] 1#1: start worker processes
2025/02/28 07:14:00 [notice] 1#1: start worker process 21
2025/02/28 07:14:00 [notice] 1#1: start worker process 22
2025/02/28 07:14:00 [notice] 1#1: start worker process 23
2025/02/28 07:14:00 [notice] 1#1: start worker process 24
2025/02/28 07:14:00 [notice] 1#1: start worker process 25
2025/02/28 07:14:00 [notice] 1#1: start worker process 26
2025/02/28 07:14:00 [notice] 1#1: start worker process 27
2025/02/28 07:14:00 [notice] 1#1: start worker process 28
2025/02/28 07:14:00 [notice] 1#1: start worker process 29
2025/02/28 07:14:00 [notice] 1#1: start worker process 30
2025/02/28 07:14:00 [notice] 1#1: start worker process 31
2025/02/28 07:14:00 [notice] 1#1: start worker process 32
2025/02/28 07:16:32 [notice] 1#1: signal 3 (SIGQUIT) received, shutting down
2025/02/28 07:16:32 [notice] 21#21: gracefully shutting down
2025/02/28 07:16:32 [notice] 22#22: gracefully shutting down
2025/02/28 07:16:32 [notice] 23#23: gracefully shutting down
2025/02/28 07:16:32 [notice] 25#25: gracefully shutting down
2025/02/28 07:16:32 [notice] 26#26: gracefully shutting down
2025/02/28 07:16:32 [notice] 24#24: gracefully shutting down
2025/02/28 07:16:32 [notice] 27#27: gracefully shutting down
2025/02/28 07:16:32 [notice] 21#21: exiting
2025/02/28 07:16:32 [notice] 30#30: gracefully shutting down
2025/02/28 07:16:32 [notice] 22#22: exiting
2025/02/28 07:16:32 [notice] 23#23: exiting
2025/02/28 07:16:32 [notice] 25#25: exiting
2025/02/28 07:16:32 [notice] 26#26: exiting
2025/02/28 07:16:32 [notice] 24#24: exiting
2025/02/28 07:16:32 [notice] 31#31: gracefully shutting down
2025/02/28 07:16:32 [notice] 27#27: exiting
2025/02/28 07:16:32 [notice] 30#30: exiting
2025/02/28 07:16:32 [notice] 31#31: exiting
2025/02/28 07:16:32 [notice] 25#25: exit
2025/02/28 07:16:32 [notice] 26#26: exit
2025/02/28 07:16:32 [notice] 24#24: exit
2025/02/28 07:16:32 [notice] 23#23: exit
2025/02/28 07:16:32 [notice] 21#21: exit
2025/02/28 07:16:32 [notice] 22#22: exit
2025/02/28 07:16:32 [notice] 30#30: exit
2025/02/28 07:16:32 [notice] 27#27: exit
2025/02/28 07:16:32 [notice] 31#31: exit
2025/02/28 07:16:32 [notice] 29#29: gracefully shutting down
2025/02/28 07:16:32 [notice] 32#32: gracefully shutting down
2025/02/28 07:16:32 [notice] 29#29: exiting
2025/02/28 07:16:32 [notice] 32#32: exiting
2025/02/28 07:16:32 [notice] 29#29: exit
2025/02/28 07:16:32 [notice] 32#32: exit
2025/02/28 07:16:32 [notice] 28#28: gracefully shutting down
2025/02/28 07:16:32 [notice] 28#28: exiting
2025/02/28 07:16:32 [notice] 28#28: exit
2025/02/28 07:16:32 [notice] 1#1: signal 17 (SIGCHLD) received from 29
2025/02/28 07:16:32 [notice] 1#1: worker process 22 exited with code 0
2025/02/28 07:16:32 [notice] 1#1: worker process 29 exited with code 0
2025/02/28 07:16:32 [notice] 1#1: signal 29 (SIGIO) received
2025/02/28 07:16:32 [notice] 1#1: signal 17 (SIGCHLD) received from 22
2025/02/28 07:16:32 [notice] 1#1: signal 17 (SIGCHLD) received from 24
2025/02/28 07:16:32 [notice] 1#1: worker process 24 exited with code 0
2025/02/28 07:16:32 [notice] 1#1: signal 29 (SIGIO) received
2025/02/28 07:16:32 [notice] 1#1: signal 17 (SIGCHLD) received from 31
2025/02/28 07:16:32 [notice] 1#1: worker process 21 exited with code 0
2025/02/28 07:16:32 [notice] 1#1: worker process 31 exited with code 0
2025/02/28 07:16:32 [notice] 1#1: signal 29 (SIGIO) received
2025/02/28 07:16:32 [notice] 1#1: signal 17 (SIGCHLD) received from 30
2025/02/28 07:16:32 [notice] 1#1: worker process 26 exited with code 0
2025/02/28 07:16:32 [notice] 1#1: worker process 30 exited with code 0
2025/02/28 07:16:32 [notice] 1#1: signal 29 (SIGIO) received
2025/02/28 07:16:32 [notice] 1#1: signal 17 (SIGCHLD) received from 25
2025/02/28 07:16:32 [notice] 1#1: worker process 25 exited with code 0
2025/02/28 07:16:32 [notice] 1#1: signal 29 (SIGIO) received
2025/02/28 07:16:32 [notice] 1#1: signal 17 (SIGCHLD) received from 32
2025/02/28 07:16:32 [notice] 1#1: worker process 32 exited with code 0
2025/02/28 07:16:32 [notice] 1#1: signal 29 (SIGIO) received
2025/02/28 07:16:32 [notice] 1#1: signal 17 (SIGCHLD) received from 28
2025/02/28 07:16:32 [notice] 1#1: worker process 23 exited with code 0
2025/02/28 07:16:32 [notice] 1#1: worker process 28 exited with code 0
2025/02/28 07:16:32 [notice] 1#1: signal 29 (SIGIO) received
2025/02/28 07:16:32 [notice] 1#1: signal 17 (SIGCHLD) received from 27
2025/02/28 07:16:32 [notice] 1#1: worker process 27 exited with code 0
2025/02/28 07:16:32 [notice] 1#1: exit
2025/02/28 07:22:02 [notice] 1#1: using the "epoll" event method
2025/02/28 07:22:02 [notice] 1#1: nginx/1.25.3
2025/02/28 07:22:02 [notice] 1#1: built by gcc 12.2.0 (Debian 12.2.0-14) 
2025/02/28 07:22:02 [notice] 1#1: OS: Linux 6.8.0-52-generic
2025/02/28 07:22:02 [notice] 1#1: getrlimit(RLIMIT_NOFILE): 1048576:1048576
2025/02/28 07:22:02 [notice] 1#1: start worker processes
2025/02/28 07:22:02 [notice] 1#1: start worker process 21
2025/02/28 07:22:02 [notice] 1#1: start worker process 22
2025/02/28 07:22:02 [notice] 1#1: start worker process 23
2025/02/28 07:22:02 [notice] 1#1: start worker process 24
2025/02/28 07:22:02 [notice] 1#1: start worker process 25
2025/02/28 07:22:02 [notice] 1#1: start worker process 26
2025/02/28 07:22:02 [notice] 1#1: start worker process 27
2025/02/28 07:22:02 [notice] 1#1: start worker process 28
2025/02/28 07:22:02 [notice] 1#1: start worker process 29
2025/02/28 07:22:02 [notice] 1#1: start worker process 30
2025/02/28 07:22:02 [notice] 1#1: start worker process 31
2025/02/28 07:22:02 [notice] 1#1: start worker process 32
2025/02/28 08:17:41 [notice] 1#1: signal 3 (SIGQUIT) received, shutting down
2025/02/28 08:17:41 [notice] 21#21: gracefully shutting down
2025/02/28 08:17:41 [notice] 23#23: gracefully shutting down
2025/02/28 08:17:41 [notice] 23#23: exiting
2025/02/28 08:17:41 [notice] 21#21: exiting
2025/02/28 08:17:41 [notice] 26#26: gracefully shutting down
2025/02/28 08:17:41 [notice] 26#26: exiting
2025/02/28 08:17:41 [notice] 24#24: gracefully shutting down
2025/02/28 08:17:41 [notice] 25#25: gracefully shutting down
2025/02/28 08:17:41 [notice] 22#22: gracefully shutting down
2025/02/28 08:17:41 [notice] 24#24: exiting
2025/02/28 08:17:41 [notice] 27#27: gracefully shutting down
2025/02/28 08:17:41 [notice] 25#25: exiting
2025/02/28 08:17:41 [notice] 22#22: exiting
2025/02/28 08:17:41 [notice] 30#30: gracefully shutting down
2025/02/28 08:17:41 [notice] 27#27: exiting
2025/02/28 08:17:41 [notice] 30#30: exiting
2025/02/28 08:17:41 [notice] 28#28: gracefully shutting down
2025/02/28 08:17:41 [notice] 28#28: exiting
2025/02/28 08:17:41 [notice] 32#32: gracefully shutting down
2025/02/28 08:17:41 [notice] 31#31: gracefully shutting down
2025/02/28 08:17:41 [notice] 32#32: exiting
2025/02/28 08:17:41 [notice] 31#31: exiting
2025/02/28 08:17:41 [notice] 29#29: gracefully shutting down
2025/02/28 08:17:41 [notice] 29#29: exiting
2025/02/28 08:17:41 [notice] 21#21: exit
2025/02/28 08:17:41 [notice] 32#32: exit
2025/02/28 08:17:41 [notice] 22#22: exit
2025/02/28 08:17:41 [notice] 26#26: exit
2025/02/28 08:17:41 [notice] 27#27: exit
2025/02/28 08:17:41 [notice] 30#30: exit
2025/02/28 08:17:41 [notice] 31#31: exit
2025/02/28 08:17:41 [notice] 25#25: exit
2025/02/28 08:17:41 [notice] 28#28: exit
2025/02/28 08:17:41 [notice] 24#24: exit
2025/02/28 08:17:41 [notice] 29#29: exit
2025/02/28 08:17:41 [notice] 23#23: exit
2025/02/28 08:17:41 [notice] 1#1: signal 17 (SIGCHLD) received from 30
2025/02/28 08:17:41 [notice] 1#1: worker process 26 exited with code 0
2025/02/28 08:17:41 [notice] 1#1: worker process 30 exited with code 0
2025/02/28 08:17:41 [notice] 1#1: signal 29 (SIGIO) received
2025/02/28 08:17:41 [notice] 1#1: signal 17 (SIGCHLD) received from 24
2025/02/28 08:17:41 [notice] 1#1: worker process 24 exited with code 0
2025/02/28 08:17:41 [notice] 1#1: worker process 27 exited with code 0
2025/02/28 08:17:41 [notice] 1#1: signal 29 (SIGIO) received
2025/02/28 08:17:41 [notice] 1#1: signal 17 (SIGCHLD) received from 27
2025/02/28 08:17:41 [notice] 1#1: signal 17 (SIGCHLD) received from 21
2025/02/28 08:17:41 [notice] 1#1: worker process 21 exited with code 0
2025/02/28 08:17:41 [notice] 1#1: signal 29 (SIGIO) received
2025/02/28 08:17:41 [notice] 1#1: signal 17 (SIGCHLD) received from 31
2025/02/28 08:17:41 [notice] 1#1: worker process 31 exited with code 0
2025/02/28 08:17:41 [notice] 1#1: signal 29 (SIGIO) received
2025/02/28 08:17:41 [notice] 1#1: signal 17 (SIGCHLD) received from 29
2025/02/28 08:17:41 [notice] 1#1: worker process 29 exited with code 0
2025/02/28 08:17:41 [notice] 1#1: signal 29 (SIGIO) received
2025/02/28 08:17:41 [notice] 1#1: signal 17 (SIGCHLD) received from 32
2025/02/28 08:17:41 [notice] 1#1: worker process 32 exited with code 0
2025/02/28 08:17:41 [notice] 1#1: signal 29 (SIGIO) received
2025/02/28 08:17:41 [notice] 1#1: signal 17 (SIGCHLD) received from 22
2025/02/28 08:17:41 [notice] 1#1: worker process 22 exited with code 0
2025/02/28 08:17:41 [notice] 1#1: signal 29 (SIGIO) received
2025/02/28 08:17:41 [notice] 1#1: signal 17 (SIGCHLD) received from 25
2025/02/28 08:17:41 [notice] 1#1: worker process 25 exited with code 0
2025/02/28 08:17:41 [notice] 1#1: signal 29 (SIGIO) received
2025/02/28 08:17:41 [notice] 1#1: signal 17 (SIGCHLD) received from 28
2025/02/28 08:17:41 [notice] 1#1: worker process 23 exited with code 0
2025/02/28 08:17:41 [notice] 1#1: worker process 28 exited with code 0
2025/02/28 08:17:41 [notice] 1#1: exit
2025/02/28 08:21:48 [notice] 1#1: using the "epoll" event method
2025/02/28 08:21:48 [notice] 1#1: nginx/1.25.3
2025/02/28 08:21:48 [notice] 1#1: built by gcc 12.2.0 (Debian 12.2.0-14) 
2025/02/28 08:21:48 [notice] 1#1: OS: Linux 6.8.0-52-generic
2025/02/28 08:21:48 [notice] 1#1: getrlimit(RLIMIT_NOFILE): 1048576:1048576
2025/02/28 08:21:48 [notice] 1#1: start worker processes
2025/02/28 08:21:48 [notice] 1#1: start worker process 21
2025/02/28 08:21:48 [notice] 1#1: start worker process 22
2025/02/28 08:21:48 [notice] 1#1: start worker process 23
2025/02/28 08:21:48 [notice] 1#1: start worker process 24
2025/02/28 08:21:48 [notice] 1#1: start worker process 25
2025/02/28 08:21:48 [notice] 1#1: start worker process 26
2025/02/28 08:21:48 [notice] 1#1: start worker process 27
2025/02/28 08:21:48 [notice] 1#1: start worker process 28
2025/02/28 08:21:48 [notice] 1#1: start worker process 29
2025/02/28 08:21:48 [notice] 1#1: start worker process 30
2025/02/28 08:21:48 [notice] 1#1: start worker process 31
2025/02/28 08:21:48 [notice] 1#1: start worker process 32
2025/02/28 08:42:59 [notice] 1#1: signal 3 (SIGQUIT) received, shutting down
2025/02/28 08:42:59 [notice] 21#21: gracefully shutting down
2025/02/28 08:42:59 [notice] 22#22: gracefully shutting down
2025/02/28 08:42:59 [notice] 24#24: gracefully shutting down
2025/02/28 08:42:59 [notice] 23#23: gracefully shutting down
2025/02/28 08:42:59 [notice] 25#25: gracefully shutting down
2025/02/28 08:42:59 [notice] 26#26: gracefully shutting down
2025/02/28 08:42:59 [notice] 21#21: exiting
2025/02/28 08:42:59 [notice] 22#22: exiting
2025/02/28 08:42:59 [notice] 24#24: exiting
2025/02/28 08:42:59 [notice] 27#27: gracefully shutting down
2025/02/28 08:42:59 [notice] 23#23: exiting
2025/02/28 08:42:59 [notice] 25#25: exiting
2025/02/28 08:42:59 [notice] 26#26: exiting
2025/02/28 08:42:59 [notice] 27#27: exiting
2025/02/28 08:42:59 [notice] 22#22: exit
2025/02/28 08:42:59 [notice] 24#24: exit
2025/02/28 08:42:59 [notice] 21#21: exit
2025/02/28 08:42:59 [notice] 23#23: exit
2025/02/28 08:42:59 [notice] 26#26: exit
2025/02/28 08:42:59 [notice] 25#25: exit
2025/02/28 08:42:59 [notice] 27#27: exit
2025/02/28 08:42:59 [notice] 28#28: gracefully shutting down
2025/02/28 08:42:59 [notice] 28#28: exiting
2025/02/28 08:42:59 [notice] 28#28: exit
2025/02/28 08:42:59 [notice] 29#29: gracefully shutting down
2025/02/28 08:42:59 [notice] 29#29: exiting
2025/02/28 08:42:59 [notice] 30#30: gracefully shutting down
2025/02/28 08:42:59 [notice] 30#30: exiting
2025/02/28 08:42:59 [notice] 29#29: exit
2025/02/28 08:42:59 [notice] 30#30: exit
2025/02/28 08:42:59 [notice] 31#31: gracefully shutting down
2025/02/28 08:42:59 [notice] 31#31: exiting
2025/02/28 08:42:59 [notice] 31#31: exit
2025/02/28 08:42:59 [notice] 32#32: gracefully shutting down
2025/02/28 08:42:59 [notice] 32#32: exiting
2025/02/28 08:42:59 [notice] 32#32: exit
2025/02/28 08:42:59 [notice] 1#1: signal 17 (SIGCHLD) received from 31
2025/02/28 08:42:59 [notice] 1#1: worker process 28 exited with code 0
2025/02/28 08:42:59 [notice] 1#1: worker process 31 exited with code 0
2025/02/28 08:42:59 [notice] 1#1: signal 29 (SIGIO) received
2025/02/28 08:42:59 [notice] 1#1: signal 17 (SIGCHLD) received from 23
2025/02/28 08:42:59 [notice] 1#1: worker process 23 exited with code 0
2025/02/28 08:42:59 [notice] 1#1: worker process 25 exited with code 0
2025/02/28 08:42:59 [notice] 1#1: signal 29 (SIGIO) received
2025/02/28 08:42:59 [notice] 1#1: signal 17 (SIGCHLD) received from 24
2025/02/28 08:42:59 [notice] 1#1: worker process 24 exited with code 0
2025/02/28 08:42:59 [notice] 1#1: worker process 32 exited with code 0
2025/02/28 08:42:59 [notice] 1#1: signal 29 (SIGIO) received
2025/02/28 08:42:59 [notice] 1#1: signal 17 (SIGCHLD) received from 32
2025/02/28 08:42:59 [notice] 1#1: signal 17 (SIGCHLD) received from 29
2025/02/28 08:42:59 [notice] 1#1: worker process 29 exited with code 0
2025/02/28 08:42:59 [notice] 1#1: signal 29 (SIGIO) received
2025/02/28 08:42:59 [notice] 1#1: signal 17 (SIGCHLD) received from 27
2025/02/28 08:42:59 [notice] 1#1: worker process 27 exited with code 0
2025/02/28 08:42:59 [notice] 1#1: signal 29 (SIGIO) received
2025/02/28 08:42:59 [notice] 1#1: signal 17 (SIGCHLD) received from 21
2025/02/28 08:42:59 [notice] 1#1: worker process 21 exited with code 0
2025/02/28 08:42:59 [notice] 1#1: worker process 30 exited with code 0
2025/02/28 08:42:59 [notice] 1#1: signal 29 (SIGIO) received
2025/02/28 08:42:59 [notice] 1#1: signal 17 (SIGCHLD) received from 22
2025/02/28 08:42:59 [notice] 1#1: worker process 22 exited with code 0
2025/02/28 08:42:59 [notice] 1#1: signal 29 (SIGIO) received
2025/02/28 08:42:59 [notice] 1#1: signal 17 (SIGCHLD) received from 26
2025/02/28 08:42:59 [notice] 1#1: worker process 26 exited with code 0
2025/02/28 08:42:59 [notice] 1#1: exit
2025/02/28 08:46:01 [notice] 1#1: using the "epoll" event method
2025/02/28 08:46:01 [notice] 1#1: nginx/1.25.3
2025/02/28 08:46:01 [notice] 1#1: built by gcc 12.2.0 (Debian 12.2.0-14) 
2025/02/28 08:46:01 [notice] 1#1: OS: Linux 6.8.0-52-generic
2025/02/28 08:46:01 [notice] 1#1: getrlimit(RLIMIT_NOFILE): 1048576:1048576
2025/02/28 08:46:01 [notice] 1#1: start worker processes
2025/02/28 08:46:01 [notice] 1#1: start worker process 22
2025/02/28 08:46:01 [notice] 1#1: start worker process 23
2025/02/28 08:46:01 [notice] 1#1: start worker process 24
2025/02/28 08:46:01 [notice] 1#1: start worker process 25
2025/02/28 08:46:01 [notice] 1#1: start worker process 26
2025/02/28 08:46:01 [notice] 1#1: start worker process 27
2025/02/28 08:46:01 [notice] 1#1: start worker process 28
2025/02/28 08:46:01 [notice] 1#1: start worker process 29
2025/02/28 08:46:01 [notice] 1#1: start worker process 30
2025/02/28 08:46:01 [notice] 1#1: start worker process 31
2025/02/28 08:46:01 [notice] 1#1: start worker process 32
2025/02/28 08:46:01 [notice] 1#1: start worker process 33
2025/02/28 08:46:26 [error] 22#22: *1 connect() failed (111: Connection refused) while connecting to upstream, client: 172.19.0.1, server: 0.0.0.0, request: "GET / HTTP/1.1", upstream: "fastcgi://172.19.0.2:9000", host: "localhost:3781"
2025/02/28 08:46:29 [error] 22#22: *1 connect() failed (111: Connection refused) while connecting to upstream, client: 172.19.0.1, server: 0.0.0.0, request: "GET / HTTP/1.1", upstream: "fastcgi://172.19.0.2:9000", host: "localhost:3781"
2025/02/28 08:47:14 [error] 22#22: *1 connect() failed (111: Connection refused) while connecting to upstream, client: 172.19.0.1, server: 0.0.0.0, request: "GET / HTTP/1.1", upstream: "fastcgi://172.19.0.2:9000", host: "localhost:3781"
2025/02/28 08:47:15 [error] 22#22: *1 connect() failed (111: Connection refused) while connecting to upstream, client: 172.19.0.1, server: 0.0.0.0, request: "GET / HTTP/1.1", upstream: "fastcgi://172.19.0.2:9000", host: "localhost:3781"
2025/02/28 08:47:16 [error] 22#22: *1 connect() failed (111: Connection refused) while connecting to upstream, client: 172.19.0.1, server: 0.0.0.0, request: "GET / HTTP/1.1", upstream: "fastcgi://172.19.0.2:9000", host: "localhost:3781"
2025/02/28 08:57:19 [error] 24#24: *8 connect() failed (111: Connection refused) while connecting to upstream, client: 172.19.0.1, server: 0.0.0.0, request: "GET / HTTP/1.1", upstream: "fastcgi://172.19.0.2:9000", host: "localhost:3781"
2025/02/28 09:00:50 [notice] 1#1: signal 3 (SIGQUIT) received, shutting down
2025/02/28 09:00:50 [notice] 22#22: gracefully shutting down
2025/02/28 09:00:50 [notice] 23#23: gracefully shutting down
2025/02/28 09:00:50 [notice] 24#24: gracefully shutting down
2025/02/28 09:00:50 [notice] 25#25: gracefully shutting down
2025/02/28 09:00:50 [notice] 26#26: gracefully shutting down
2025/02/28 09:00:50 [notice] 22#22: exiting
2025/02/28 09:00:50 [notice] 27#27: gracefully shutting down
2025/02/28 09:00:50 [notice] 23#23: exiting
2025/02/28 09:00:50 [notice] 24#24: exiting
2025/02/28 09:00:50 [notice] 25#25: exiting
2025/02/28 09:00:50 [notice] 28#28: gracefully shutting down
2025/02/28 09:00:50 [notice] 26#26: exiting
2025/02/28 09:00:50 [notice] 27#27: exiting
2025/02/28 09:00:50 [notice] 28#28: exiting
2025/02/28 09:00:50 [notice] 24#24: exit
2025/02/28 09:00:50 [notice] 22#22: exit
2025/02/28 09:00:50 [notice] 25#25: exit
2025/02/28 09:00:50 [notice] 23#23: exit
2025/02/28 09:00:50 [notice] 32#32: gracefully shutting down
2025/02/28 09:00:50 [notice] 27#27: exit
2025/02/28 09:00:50 [notice] 26#26: exit
2025/02/28 09:00:50 [notice] 29#29: gracefully shutting down
2025/02/28 09:00:50 [notice] 28#28: exit
2025/02/28 09:00:50 [notice] 32#32: exiting
2025/02/28 09:00:50 [notice] 29#29: exiting
2025/02/28 09:00:50 [notice] 32#32: exit
2025/02/28 09:00:50 [notice] 29#29: exit
2025/02/28 09:00:50 [notice] 33#33: gracefully shutting down
2025/02/28 09:00:50 [notice] 33#33: exiting
2025/02/28 09:00:50 [notice] 33#33: exit
2025/02/28 09:00:50 [notice] 30#30: gracefully shutting down
2025/02/28 09:00:50 [notice] 31#31: gracefully shutting down
2025/02/28 09:00:50 [notice] 30#30: exiting
2025/02/28 09:00:50 [notice] 31#31: exiting
2025/02/28 09:00:50 [notice] 30#30: exit
2025/02/28 09:00:50 [notice] 31#31: exit
2025/02/28 09:00:50 [notice] 1#1: signal 17 (SIGCHLD) received from 32
2025/02/28 09:00:50 [notice] 1#1: worker process 22 exited with code 0
2025/02/28 09:00:50 [notice] 1#1: worker process 25 exited with code 0
2025/02/28 09:00:50 [notice] 1#1: worker process 26 exited with code 0
2025/02/28 09:00:50 [notice] 1#1: worker process 32 exited with code 0
2025/02/28 09:00:50 [notice] 1#1: worker process 33 exited with code 0
2025/02/28 09:00:50 [notice] 1#1: signal 29 (SIGIO) received
2025/02/28 09:00:50 [notice] 1#1: signal 17 (SIGCHLD) received from 33
2025/02/28 09:00:50 [notice] 1#1: signal 17 (SIGCHLD) received from 30
2025/02/28 09:00:50 [notice] 1#1: worker process 30 exited with code 0
2025/02/28 09:00:50 [notice] 1#1: signal 29 (SIGIO) received
2025/02/28 09:00:50 [notice] 1#1: signal 17 (SIGCHLD) received from 27
2025/02/28 09:00:50 [notice] 1#1: worker process 27 exited with code 0
2025/02/28 09:00:50 [notice] 1#1: signal 29 (SIGIO) received
2025/02/28 09:00:50 [notice] 1#1: signal 17 (SIGCHLD) received from 29
2025/02/28 09:00:50 [notice] 1#1: worker process 29 exited with code 0
2025/02/28 09:00:50 [notice] 1#1: signal 29 (SIGIO) received
2025/02/28 09:00:50 [notice] 1#1: signal 17 (SIGCHLD) received from 31
2025/02/28 09:00:50 [notice] 1#1: worker process 28 exited with code 0
2025/02/28 09:00:50 [notice] 1#1: worker process 31 exited with code 0
2025/02/28 09:00:50 [notice] 1#1: signal 29 (SIGIO) received
2025/02/28 09:00:50 [notice] 1#1: signal 17 (SIGCHLD) received from 24
2025/02/28 09:00:50 [notice] 1#1: worker process 24 exited with code 0
2025/02/28 09:00:50 [notice] 1#1: signal 29 (SIGIO) received
2025/02/28 09:00:50 [notice] 1#1: signal 17 (SIGCHLD) received from 23
2025/02/28 09:00:50 [notice] 1#1: worker process 23 exited with code 0
2025/02/28 09:00:50 [notice] 1#1: exit
2025/02/28 09:07:49 [notice] 1#1: using the "epoll" event method
2025/02/28 09:07:49 [notice] 1#1: nginx/1.25.3
2025/02/28 09:07:49 [notice] 1#1: built by gcc 12.2.0 (Debian 12.2.0-14) 
2025/02/28 09:07:49 [notice] 1#1: OS: Linux 6.8.0-52-generic
2025/02/28 09:07:49 [notice] 1#1: getrlimit(RLIMIT_NOFILE): 1048576:1048576
2025/02/28 09:07:49 [notice] 1#1: start worker processes
2025/02/28 09:07:49 [notice] 1#1: start worker process 21
2025/02/28 09:07:49 [notice] 1#1: start worker process 22
2025/02/28 09:07:49 [notice] 1#1: start worker process 23
2025/02/28 09:07:49 [notice] 1#1: start worker process 24
2025/02/28 09:07:49 [notice] 1#1: start worker process 25
2025/02/28 09:07:49 [notice] 1#1: start worker process 26
2025/02/28 09:07:49 [notice] 1#1: start worker process 27
2025/02/28 09:07:49 [notice] 1#1: start worker process 28
2025/02/28 09:07:49 [notice] 1#1: start worker process 29
2025/02/28 09:07:49 [notice] 1#1: start worker process 30
2025/02/28 09:07:49 [notice] 1#1: start worker process 31
2025/02/28 09:07:49 [notice] 1#1: start worker process 32
2025/02/28 09:09:02 [error] 21#21: *1 connect() failed (111: Connection refused) while connecting to upstream, client: 172.19.0.1, server: 0.0.0.0, request: "GET / HTTP/1.1", upstream: "fastcgi://127.0.0.1:9000", host: "localhost:3781"
2025/02/28 09:09:03 [error] 21#21: *1 connect() failed (111: Connection refused) while connecting to upstream, client: 172.19.0.1, server: 0.0.0.0, request: "GET / HTTP/1.1", upstream: "fastcgi://127.0.0.1:9000", host: "localhost:3781"
2025/02/28 09:09:04 [error] 21#21: *1 connect() failed (111: Connection refused) while connecting to upstream, client: 172.19.0.1, server: 0.0.0.0, request: "GET / HTTP/1.1", upstream: "fastcgi://127.0.0.1:9000", host: "localhost:3781"
2025/02/28 09:13:34 [notice] 1#1: signal 3 (SIGQUIT) received, shutting down
2025/02/28 09:13:34 [notice] 22#22: gracefully shutting down
2025/02/28 09:13:34 [notice] 21#21: gracefully shutting down
2025/02/28 09:13:34 [notice] 23#23: gracefully shutting down
2025/02/28 09:13:34 [notice] 24#24: gracefully shutting down
2025/02/28 09:13:34 [notice] 26#26: gracefully shutting down
2025/02/28 09:13:34 [notice] 25#25: gracefully shutting down
2025/02/28 09:13:34 [notice] 22#22: exiting
2025/02/28 09:13:34 [notice] 28#28: gracefully shutting down
2025/02/28 09:13:34 [notice] 21#21: exiting
2025/02/28 09:13:34 [notice] 27#27: gracefully shutting down
2025/02/28 09:13:34 [notice] 23#23: exiting
2025/02/28 09:13:34 [notice] 29#29: gracefully shutting down
2025/02/28 09:13:34 [notice] 24#24: exiting
2025/02/28 09:13:34 [notice] 26#26: exiting
2025/02/28 09:13:34 [notice] 25#25: exiting
2025/02/28 09:13:34 [notice] 28#28: exiting
2025/02/28 09:13:34 [notice] 27#27: exiting
2025/02/28 09:13:34 [notice] 29#29: exiting
2025/02/28 09:13:34 [notice] 21#21: exit
2025/02/28 09:13:34 [notice] 22#22: exit
2025/02/28 09:13:34 [notice] 23#23: exit
2025/02/28 09:13:34 [notice] 26#26: exit
2025/02/28 09:13:34 [notice] 24#24: exit
2025/02/28 09:13:34 [notice] 28#28: exit
2025/02/28 09:13:34 [notice] 25#25: exit
2025/02/28 09:13:34 [notice] 27#27: exit
2025/02/28 09:13:34 [notice] 29#29: exit
2025/02/28 09:13:34 [notice] 30#30: gracefully shutting down
2025/02/28 09:13:34 [notice] 30#30: exiting
2025/02/28 09:13:34 [notice] 31#31: gracefully shutting down
2025/02/28 09:13:34 [notice] 30#30: exit
2025/02/28 09:13:34 [notice] 31#31: exiting
2025/02/28 09:13:34 [notice] 31#31: exit
2025/02/28 09:13:34 [notice] 32#32: gracefully shutting down
2025/02/28 09:13:34 [notice] 32#32: exiting
2025/02/28 09:13:34 [notice] 32#32: exit
2025/02/28 09:13:34 [notice] 1#1: signal 17 (SIGCHLD) received from 27
2025/02/28 09:13:34 [notice] 1#1: worker process 25 exited with code 0
2025/02/28 09:13:34 [notice] 1#1: worker process 27 exited with code 0
2025/02/28 09:13:34 [notice] 1#1: worker process 31 exited with code 0
2025/02/28 09:13:34 [notice] 1#1: signal 29 (SIGIO) received
2025/02/28 09:13:34 [notice] 1#1: signal 17 (SIGCHLD) received from 23
2025/02/28 09:13:34 [notice] 1#1: worker process 23 exited with code 0
2025/02/28 09:13:34 [notice] 1#1: signal 29 (SIGIO) received
2025/02/28 09:13:34 [notice] 1#1: signal 17 (SIGCHLD) received from 24
2025/02/28 09:13:34 [notice] 1#1: worker process 24 exited with code 0
2025/02/28 09:13:34 [notice] 1#1: signal 29 (SIGIO) received
2025/02/28 09:13:34 [notice] 1#1: signal 17 (SIGCHLD) received from 29
2025/02/28 09:13:34 [notice] 1#1: worker process 29 exited with code 0
2025/02/28 09:13:34 [notice] 1#1: signal 29 (SIGIO) received
2025/02/28 09:13:34 [notice] 1#1: signal 17 (SIGCHLD) received from 26
2025/02/28 09:13:34 [notice] 1#1: worker process 26 exited with code 0
2025/02/28 09:13:34 [notice] 1#1: signal 29 (SIGIO) received
2025/02/28 09:13:34 [notice] 1#1: signal 17 (SIGCHLD) received from 30
2025/02/28 09:13:34 [notice] 1#1: worker process 30 exited with code 0
2025/02/28 09:13:34 [notice] 1#1: signal 29 (SIGIO) received
2025/02/28 09:13:34 [notice] 1#1: signal 17 (SIGCHLD) received from 22
2025/02/28 09:13:34 [notice] 1#1: worker process 22 exited with code 0
2025/02/28 09:13:34 [notice] 1#1: signal 29 (SIGIO) received
2025/02/28 09:13:34 [notice] 1#1: signal 17 (SIGCHLD) received from 21
2025/02/28 09:13:34 [notice] 1#1: worker process 21 exited with code 0
2025/02/28 09:13:34 [notice] 1#1: signal 29 (SIGIO) received
2025/02/28 09:13:34 [notice] 1#1: signal 17 (SIGCHLD) received from 32
2025/02/28 09:13:34 [notice] 1#1: worker process 32 exited with code 0
2025/02/28 09:13:34 [notice] 1#1: signal 17 (SIGCHLD) received from 28
2025/02/28 09:13:34 [notice] 1#1: worker process 28 exited with code 0
2025/02/28 09:13:34 [notice] 1#1: exit
2025/02/28 09:19:06 [notice] 1#1: using the "epoll" event method
2025/02/28 09:19:06 [notice] 1#1: nginx/1.25.3
2025/02/28 09:19:06 [notice] 1#1: built by gcc 12.2.0 (Debian 12.2.0-14) 
2025/02/28 09:19:06 [notice] 1#1: OS: Linux 6.8.0-52-generic
2025/02/28 09:19:06 [notice] 1#1: getrlimit(RLIMIT_NOFILE): 1048576:1048576
2025/02/28 09:19:06 [notice] 1#1: start worker processes
2025/02/28 09:19:06 [notice] 1#1: start worker process 21
2025/02/28 09:19:06 [notice] 1#1: start worker process 22
2025/02/28 09:19:06 [notice] 1#1: start worker process 23
2025/02/28 09:19:06 [notice] 1#1: start worker process 24
2025/02/28 09:19:06 [notice] 1#1: start worker process 25
2025/02/28 09:19:06 [notice] 1#1: start worker process 26
2025/02/28 09:19:06 [notice] 1#1: start worker process 27
2025/02/28 09:19:06 [notice] 1#1: start worker process 28
2025/02/28 09:19:06 [notice] 1#1: start worker process 29
2025/02/28 09:19:06 [notice] 1#1: start worker process 30
2025/02/28 09:19:06 [notice] 1#1: start worker process 31
2025/02/28 09:19:06 [notice] 1#1: start worker process 32
2025/02/28 09:19:24 [error] 21#21: *1 connect() failed (111: Connection refused) while connecting to upstream, client: 172.19.0.1, server: 0.0.0.0, request: "GET / HTTP/1.1", upstream: "fastcgi://0.0.0.0:9000", host: "localhost:3781"
2025/02/28 09:21:04 [notice] 1#1: signal 3 (SIGQUIT) received, shutting down
2025/02/28 09:21:04 [notice] 21#21: gracefully shutting down
2025/02/28 09:21:04 [notice] 22#22: gracefully shutting down
2025/02/28 09:21:04 [notice] 24#24: gracefully shutting down
2025/02/28 09:21:04 [notice] 26#26: gracefully shutting down
2025/02/28 09:21:04 [notice] 23#23: gracefully shutting down
2025/02/28 09:21:04 [notice] 21#21: exiting
2025/02/28 09:21:04 [notice] 27#27: gracefully shutting down
2025/02/28 09:21:04 [notice] 25#25: gracefully shutting down
2025/02/28 09:21:04 [notice] 28#28: gracefully shutting down
2025/02/28 09:21:04 [notice] 22#22: exiting
2025/02/28 09:21:04 [notice] 24#24: exiting
2025/02/28 09:21:04 [notice] 32#32: gracefully shutting down
2025/02/28 09:21:04 [notice] 26#26: exiting
2025/02/28 09:21:04 [notice] 23#23: exiting
2025/02/28 09:21:04 [notice] 27#27: exiting
2025/02/28 09:21:04 [notice] 25#25: exiting
2025/02/28 09:21:04 [notice] 28#28: exiting
2025/02/28 09:21:04 [notice] 32#32: exiting
2025/02/28 09:21:04 [notice] 21#21: exit
2025/02/28 09:21:04 [notice] 22#22: exit
2025/02/28 09:21:04 [notice] 26#26: exit
2025/02/28 09:21:04 [notice] 24#24: exit
2025/02/28 09:21:04 [notice] 23#23: exit
2025/02/28 09:21:04 [notice] 25#25: exit
2025/02/28 09:21:04 [notice] 27#27: exit
2025/02/28 09:21:04 [notice] 28#28: exit
2025/02/28 09:21:04 [notice] 32#32: exit
2025/02/28 09:21:04 [notice] 31#31: gracefully shutting down
2025/02/28 09:21:04 [notice] 31#31: exiting
2025/02/28 09:21:04 [notice] 31#31: exit
2025/02/28 09:21:04 [notice] 30#30: gracefully shutting down
2025/02/28 09:21:04 [notice] 30#30: exiting
2025/02/28 09:21:04 [notice] 29#29: gracefully shutting down
2025/02/28 09:21:04 [notice] 29#29: exiting
2025/02/28 09:21:04 [notice] 30#30: exit
2025/02/28 09:21:04 [notice] 29#29: exit
2025/02/28 09:21:04 [notice] 1#1: signal 17 (SIGCHLD) received from 22
2025/02/28 09:21:04 [notice] 1#1: worker process 22 exited with code 0
2025/02/28 09:21:04 [notice] 1#1: worker process 28 exited with code 0
2025/02/28 09:21:04 [notice] 1#1: worker process 31 exited with code 0
2025/02/28 09:21:04 [notice] 1#1: signal 29 (SIGIO) received
2025/02/28 09:21:04 [notice] 1#1: signal 17 (SIGCHLD) received from 23
2025/02/28 09:21:04 [notice] 1#1: worker process 23 exited with code 0
2025/02/28 09:21:04 [notice] 1#1: worker process 27 exited with code 0
2025/02/28 09:21:04 [notice] 1#1: worker process 29 exited with code 0
2025/02/28 09:21:04 [notice] 1#1: worker process 30 exited with code 0
2025/02/28 09:21:04 [notice] 1#1: signal 29 (SIGIO) received
2025/02/28 09:21:04 [notice] 1#1: signal 17 (SIGCHLD) received from 29
2025/02/28 09:21:04 [notice] 1#1: signal 17 (SIGCHLD) received from 26
2025/02/28 09:21:04 [notice] 1#1: worker process 26 exited with code 0
2025/02/28 09:21:04 [notice] 1#1: signal 29 (SIGIO) received
2025/02/28 09:21:04 [notice] 1#1: signal 17 (SIGCHLD) received from 32
2025/02/28 09:21:04 [notice] 1#1: worker process 32 exited with code 0
2025/02/28 09:21:04 [notice] 1#1: signal 29 (SIGIO) received
2025/02/28 09:21:04 [notice] 1#1: signal 17 (SIGCHLD) received from 25
2025/02/28 09:21:04 [notice] 1#1: worker process 25 exited with code 0
2025/02/28 09:21:04 [notice] 1#1: signal 29 (SIGIO) received
2025/02/28 09:21:04 [notice] 1#1: signal 17 (SIGCHLD) received from 21
2025/02/28 09:21:04 [notice] 1#1: worker process 21 exited with code 0
2025/02/28 09:21:04 [notice] 1#1: signal 29 (SIGIO) received
2025/02/28 09:21:04 [notice] 1#1: signal 17 (SIGCHLD) received from 24
2025/02/28 09:21:04 [notice] 1#1: worker process 24 exited with code 0
2025/02/28 09:21:04 [notice] 1#1: exit
2025/02/28 09:23:40 [notice] 1#1: using the "epoll" event method
2025/02/28 09:23:40 [notice] 1#1: nginx/1.25.3
2025/02/28 09:23:40 [notice] 1#1: built by gcc 12.2.0 (Debian 12.2.0-14) 
2025/02/28 09:23:40 [notice] 1#1: OS: Linux 6.8.0-52-generic
2025/02/28 09:23:40 [notice] 1#1: getrlimit(RLIMIT_NOFILE): 1048576:1048576
2025/02/28 09:23:40 [notice] 1#1: start worker processes
2025/02/28 09:23:40 [notice] 1#1: start worker process 21
2025/02/28 09:23:40 [notice] 1#1: start worker process 22
2025/02/28 09:23:40 [notice] 1#1: start worker process 23
2025/02/28 09:23:40 [notice] 1#1: start worker process 24
2025/02/28 09:23:40 [notice] 1#1: start worker process 25
2025/02/28 09:23:40 [notice] 1#1: start worker process 26
2025/02/28 09:23:40 [notice] 1#1: start worker process 27
2025/02/28 09:23:40 [notice] 1#1: start worker process 28
2025/02/28 09:23:40 [notice] 1#1: start worker process 29
2025/02/28 09:23:40 [notice] 1#1: start worker process 30
2025/02/28 09:23:40 [notice] 1#1: start worker process 31
2025/02/28 09:23:40 [notice] 1#1: start worker process 32
2025/02/28 09:24:19 [error] 21#21: *1 connect() failed (111: Connection refused) while connecting to upstream, client: 172.19.0.1, server: 0.0.0.0, request: "GET / HTTP/1.1", upstream: "fastcgi://0.0.0.0:9000", host: "localhost:3781"
2025/02/28 09:24:25 [error] 22#22: *3 connect() failed (111: Connection refused) while connecting to upstream, client: 172.19.0.1, server: 0.0.0.0, request: "GET / HTTP/1.1", upstream: "fastcgi://0.0.0.0:9000", host: "localhost:3781"
2025/02/28 09:24:26 [error] 22#22: *3 connect() failed (111: Connection refused) while connecting to upstream, client: 172.19.0.1, server: 0.0.0.0, request: "GET / HTTP/1.1", upstream: "fastcgi://0.0.0.0:9000", host: "localhost:3781"
2025/02/28 09:28:34 [notice] 1#1: signal 3 (SIGQUIT) received, shutting down
2025/02/28 09:28:34 [notice] 21#21: gracefully shutting down
2025/02/28 09:28:34 [notice] 22#22: gracefully shutting down
2025/02/28 09:28:34 [notice] 23#23: gracefully shutting down
2025/02/28 09:28:34 [notice] 25#25: gracefully shutting down
2025/02/28 09:28:34 [notice] 26#26: gracefully shutting down
2025/02/28 09:28:34 [notice] 24#24: gracefully shutting down
2025/02/28 09:28:34 [notice] 21#21: exiting
2025/02/28 09:28:34 [notice] 22#22: exiting
2025/02/28 09:28:34 [notice] 27#27: gracefully shutting down
2025/02/28 09:28:34 [notice] 28#28: gracefully shutting down
2025/02/28 09:28:34 [notice] 23#23: exiting
2025/02/28 09:28:34 [notice] 25#25: exiting
2025/02/28 09:28:34 [notice] 26#26: exiting
2025/02/28 09:28:34 [notice] 24#24: exiting
2025/02/28 09:28:34 [notice] 27#27: exiting
2025/02/28 09:28:34 [notice] 28#28: exiting
2025/02/28 09:28:34 [notice] 21#21: exit
2025/02/28 09:28:34 [notice] 22#22: exit
2025/02/28 09:28:34 [notice] 23#23: exit
2025/02/28 09:28:34 [notice] 26#26: exit
2025/02/28 09:28:34 [notice] 25#25: exit
2025/02/28 09:28:34 [notice] 24#24: exit
2025/02/28 09:28:34 [notice] 27#27: exit
2025/02/28 09:28:34 [notice] 28#28: exit
2025/02/28 09:28:34 [notice] 29#29: gracefully shutting down
2025/02/28 09:28:34 [notice] 29#29: exiting
2025/02/28 09:28:34 [notice] 29#29: exit
2025/02/28 09:28:34 [notice] 30#30: gracefully shutting down
2025/02/28 09:28:34 [notice] 31#31: gracefully shutting down
2025/02/28 09:28:34 [notice] 31#31: exiting
2025/02/28 09:28:34 [notice] 31#31: exit
2025/02/28 09:28:34 [notice] 32#32: gracefully shutting down
2025/02/28 09:28:34 [notice] 32#32: exiting
2025/02/28 09:28:34 [notice] 32#32: exit
2025/02/28 09:28:34 [notice] 30#30: exiting
2025/02/28 09:28:34 [notice] 30#30: exit
2025/02/28 09:28:34 [notice] 1#1: signal 17 (SIGCHLD) received from 22
2025/02/28 09:28:34 [notice] 1#1: worker process 22 exited with code 0
2025/02/28 09:28:34 [notice] 1#1: worker process 24 exited with code 0
2025/02/28 09:28:34 [notice] 1#1: worker process 25 exited with code 0
2025/02/28 09:28:34 [notice] 1#1: worker process 26 exited with code 0
2025/02/28 09:28:34 [notice] 1#1: worker process 27 exited with code 0
2025/02/28 09:28:34 [notice] 1#1: worker process 28 exited with code 0
2025/02/28 09:28:34 [notice] 1#1: worker process 29 exited with code 0
2025/02/28 09:28:34 [notice] 1#1: signal 29 (SIGIO) received
2025/02/28 09:28:34 [notice] 1#1: signal 17 (SIGCHLD) received from 24
2025/02/28 09:28:34 [notice] 1#1: signal 17 (SIGCHLD) received from 31
2025/02/28 09:28:34 [notice] 1#1: worker process 31 exited with code 0
2025/02/28 09:28:34 [notice] 1#1: signal 29 (SIGIO) received
2025/02/28 09:28:34 [notice] 1#1: signal 17 (SIGCHLD) received from 30
2025/02/28 09:28:34 [notice] 1#1: worker process 23 exited with code 0
2025/02/28 09:28:34 [notice] 1#1: worker process 30 exited with code 0
2025/02/28 09:28:34 [notice] 1#1: worker process 32 exited with code 0
2025/02/28 09:28:34 [notice] 1#1: signal 17 (SIGCHLD) received from 23
2025/02/28 09:28:34 [notice] 1#1: worker process 21 exited with code 0
2025/02/28 09:28:34 [notice] 1#1: exit
2025/02/28 09:30:22 [notice] 1#1: using the "epoll" event method
2025/02/28 09:30:22 [notice] 1#1: nginx/1.25.3
2025/02/28 09:30:22 [notice] 1#1: built by gcc 12.2.0 (Debian 12.2.0-14) 
2025/02/28 09:30:22 [notice] 1#1: OS: Linux 6.8.0-52-generic
2025/02/28 09:30:22 [notice] 1#1: getrlimit(RLIMIT_NOFILE): 1048576:1048576
2025/02/28 09:30:22 [notice] 1#1: start worker processes
2025/02/28 09:30:22 [notice] 1#1: start worker process 21
2025/02/28 09:30:22 [notice] 1#1: start worker process 22
2025/02/28 09:30:22 [notice] 1#1: start worker process 23
2025/02/28 09:30:22 [notice] 1#1: start worker process 24
2025/02/28 09:30:22 [notice] 1#1: start worker process 25
2025/02/28 09:30:22 [notice] 1#1: start worker process 26
2025/02/28 09:30:22 [notice] 1#1: start worker process 27
2025/02/28 09:30:22 [notice] 1#1: start worker process 28
2025/02/28 09:30:22 [notice] 1#1: start worker process 29
2025/02/28 09:30:22 [notice] 1#1: start worker process 30
2025/02/28 09:30:22 [notice] 1#1: start worker process 31
2025/02/28 09:30:22 [notice] 1#1: start worker process 32
2025/02/28 09:32:27 [error] 21#21: *1 connect() failed (111: Connection refused) while connecting to upstream, client: 172.19.0.1, server: 0.0.0.0, request: "GET / HTTP/1.1", upstream: "fastcgi://0.0.0.0:9000", host: "localhost:3781"
2025/02/28 09:32:28 [error] 21#21: *1 connect() failed (111: Connection refused) while connecting to upstream, client: 172.19.0.1, server: 0.0.0.0, request: "GET / HTTP/1.1", upstream: "fastcgi://0.0.0.0:9000", host: "localhost:3781"
